Using launch settings from C:\Users\Admin\Downloads\foodshop\backend\FoodShop.API\Properties\launchSettings.json...
[15:35:22 INF] Starting FoodShop API... {"MachineName": "DESKTOP-A8D7LM9", "ThreadId": 1}
[15:36:24 INF] HTTP GET /swagger/index.html responded 200 in 50ms | User: anonymous {"SourceContext": "FoodShop.API.Middleware.RequestLoggingMiddleware", "RequestId": "0HNLKN25SSLVB:00000001", "RequestPath": "/swagger/index.html", "ConnectionId": "0HNLKN25SSLVB", "MachineName": "DESKTOP-A8D7LM9", "ThreadId": 20}
[15:36:31 WRN] You do not have a valid license key for the Lucky Penny software AutoMapper. This is allowed for development and testing scenarios. If you are running in production you are required to have a licensed version. Please visit https://luckypennysoftware.com to obtain a valid license. {"SourceContext": "LuckyPennySoftware.AutoMapper.License", "ActionId": "102ced48-6070-4d95-aad4-8badfcdbe232", "ActionName": "FoodShop.API.Controllers.ProductsController.GetProducts (FoodShop.API)", "RequestId": "0HNLKN25SSLVC:00000001", "RequestPath": "/api/products", "ConnectionId": "0HNLKN25SSLVC", "MachineName": "DESKTOP-A8D7LM9", "ThreadId": 20}
[15:36:41 WRN] Cache GET failed for key: products:p1:ps10:cat:s:sort:min:max {"SourceContext": "FoodShop.API.Services.RedisCacheService", "ActionId": "102ced48-6070-4d95-aad4-8badfcdbe232", "ActionName": "FoodShop.API.Controllers.ProductsController.GetProducts (FoodShop.API)", "RequestId": "0HNLKN25SSLVC:00000001", "RequestPath": "/api/products", "ConnectionId": "0HNLKN25SSLVC", "MachineName": "DESKTOP-A8D7LM9", "ThreadId": 35}
StackExchange.Redis.RedisConnectionException: The message timed out in the backlog attempting to send because no connection became available (1000ms) - Last Connection Exception: UnableToConnect on localhost:6379/Interactive, Initializing/NotStarted, last: NONE, origin: BeginConnectAsync, outstanding: 0, last-read: 3s ago, last-write: 3s ago, keep-alive: 60s, state: Connecting, mgr: 10 of 10 available, last-heartbeat: never, global: 3s ago, v: 2.7.33.41805, command=HMGET, timeout: 1000, inst: 0, qu: 0, qs: 0, aw: False, bw: CheckingForTimeout, rs: NotStarted, ws: Initializing, in: 0, last-in: 0, cur-in: 0, sync-ops: 0, async-ops: 1, serverEndpoint: localhost:6379, conn-sec: n/a, aoc: 0, mc: 1/1/0, mgr: 10 of 10 available, clientName: DESKTOP-A8D7LM9(SE.Redis-v2.7.33.41805), IOCP: (Busy=0,Free=1000,Min=1,Max=1000), WORKER: (Busy=1,Free=32766,Min=12,Max=32767), POOL: (Threads=7,QueuedItems=0,CompletedItems=122,Timers=5), v: 2.7.33.41805 (Please take a look at this article for some common client-side issues that can cause timeouts: https://stackexchange.github.io/StackExchange.Redis/Timeouts)
 ---> StackExchange.Redis.RedisConnectionException: UnableToConnect on localhost:6379/Interactive, Initializing/NotStarted, last: NONE, origin: BeginConnectAsync, outstanding: 0, last-read: 3s ago, last-write: 3s ago, keep-alive: 60s, state: Connecting, mgr: 10 of 10 available, last-heartbeat: never, global: 3s ago, v: 2.7.33.41805
   --- End of inner exception stack trace ---
   at Microsoft.Extensions.Caching.StackExchangeRedis.RedisCache.GetAndRefreshAsync(String key, Boolean getData, CancellationToken token)
   at Microsoft.Extensions.Caching.StackExchangeRedis.RedisCache.GetAsync(String key, CancellationToken token)
   at Microsoft.Extensions.Caching.Distributed.DistributedCacheExtensions.GetStringAsync(IDistributedCache cache, String key, CancellationToken token)
   at FoodShop.API.Services.RedisCacheService.GetAsync[T](String key) in C:\Users\Admin\Downloads\foodshop\backend\FoodShop.API\Services\CacheService.cs:line 45
[15:36:43 WRN] Cache SET failed for key: products:p1:ps10:cat:s:sort:min:max {"SourceContext": "FoodShop.API.Services.RedisCacheService", "ActionId": "102ced48-6070-4d95-aad4-8badfcdbe232", "ActionName": "FoodShop.API.Controllers.ProductsController.GetProducts (FoodShop.API)", "RequestId": "0HNLKN25SSLVC:00000001", "RequestPath": "/api/products", "ConnectionId": "0HNLKN25SSLVC", "MachineName": "DESKTOP-A8D7LM9", "ThreadId": 21}
StackExchange.Redis.RedisConnectionException: The message timed out in the backlog attempting to send because no connection became available (1000ms) - Last Connection Exception: UnableToConnect on localhost:6379/Interactive, Initializing/NotStarted, last: NONE, origin: BeginConnectAsync, outstanding: 0, last-read: 3s ago, last-write: 3s ago, keep-alive: 60s, state: Connecting, mgr: 10 of 10 available, last-heartbeat: never, global: 3s ago, v: 2.7.33.41805, command=EVAL, timeout: 1000, inst: 0, qu: 0, qs: 0, aw: False, bw: CheckingForTimeout, rs: NotStarted, ws: Idle, in: 0, last-in: 0, cur-in: 0, sync-ops: 0, async-ops: 2, serverEndpoint: localhost:6379, conn-sec: n/a, aoc: 0, mc: 1/1/0, mgr: 10 of 10 available, clientName: DESKTOP-A8D7LM9(SE.Redis-v2.7.33.41805), IOCP: (Busy=0,Free=1000,Min=1,Max=1000), WORKER: (Busy=3,Free=32764,Min=12,Max=32767), POOL: (Threads=7,QueuedItems=0,CompletedItems=131,Timers=5), v: 2.7.33.41805 (Please take a look at this article for some common client-side issues that can cause timeouts: https://stackexchange.github.io/StackExchange.Redis/Timeouts)
 ---> StackExchange.Redis.RedisConnectionException: UnableToConnect on localhost:6379/Interactive, Initializing/NotStarted, last: NONE, origin: BeginConnectAsync, outstanding: 0, last-read: 3s ago, last-write: 3s ago, keep-alive: 60s, state: Connecting, mgr: 10 of 10 available, last-heartbeat: never, global: 3s ago, v: 2.7.33.41805
   --- End of inner exception stack trace ---
   at StackExchange.Redis.RedisDatabase.ScriptEvaluateAsync(String script, RedisKey[] keys, RedisValue[] values, CommandFlags flags) in /_/src/StackExchange.Redis/RedisDatabase.cs:line 1551
   at Microsoft.Extensions.Caching.StackExchangeRedis.RedisCache.SetAsync(String key, Byte[] value, DistributedCacheEntryOptions options, CancellationToken token)
   at FoodShop.API.Services.RedisCacheService.SetAsync[T](String key, T value, Nullable`1 expiry) in C:\Users\Admin\Downloads\foodshop\backend\FoodShop.API\Services\CacheService.cs:line 68
[15:36:43 INF] HTTP GET /api/products responded 200 in 12505ms | User: anonymous {"SourceContext": "FoodShop.API.Middleware.RequestLoggingMiddleware", "RequestId": "0HNLKN25SSLVC:00000001", "RequestPath": "/api/products", "ConnectionId": "0HNLKN25SSLVC", "MachineName": "DESKTOP-A8D7LM9", "ThreadId": 21}
[15:39:29 INF] HTTP GET /swagger responded 301 in 1ms | User: anonymous {"SourceContext": "FoodShop.API.Middleware.RequestLoggingMiddleware", "RequestId": "0HNLKN25SSLVD:00000001", "RequestPath": "/swagger", "ConnectionId": "0HNLKN25SSLVD", "MachineName": "DESKTOP-A8D7LM9", "ThreadId": 18}
[15:39:29 INF] HTTP GET /swagger/index.html responded 200 in 7ms | User: anonymous {"SourceContext": "FoodShop.API.Middleware.RequestLoggingMiddleware", "RequestId": "0HNLKN25SSLVD:00000003", "RequestPath": "/swagger/index.html", "ConnectionId": "0HNLKN25SSLVD", "MachineName": "DESKTOP-A8D7LM9", "ThreadId": 3}
[15:39:29 INF] HTTP GET /swagger/swagger-ui.css responded 200 in 22ms | User: anonymous {"SourceContext": "FoodShop.API.Middleware.RequestLoggingMiddleware", "RequestId": "0HNLKN25SSLVD:00000005", "RequestPath": "/swagger/swagger-ui.css", "ConnectionId": "0HNLKN25SSLVD", "MachineName": "DESKTOP-A8D7LM9", "ThreadId": 3}
[15:39:29 INF] HTTP GET /swagger/swagger-ui-standalone-preset.js responded 200 in 23ms | User: anonymous {"SourceContext": "FoodShop.API.Middleware.RequestLoggingMiddleware", "RequestId": "0HNLKN25SSLVD:00000009", "RequestPath": "/swagger/swagger-ui-standalone-preset.js", "ConnectionId": "0HNLKN25SSLVD", "MachineName": "DESKTOP-A8D7LM9", "ThreadId": 42}
[15:39:29 INF] HTTP GET /swagger/swagger-ui-bundle.js responded 200 in 47ms | User: anonymous {"SourceContext": "FoodShop.API.Middleware.RequestLoggingMiddleware", "RequestId": "0HNLKN25SSLVD:00000007", "RequestPath": "/swagger/swagger-ui-bundle.js", "ConnectionId": "0HNLKN25SSLVD", "MachineName": "DESKTOP-A8D7LM9", "ThreadId": 42}
[15:39:30 INF] HTTP GET /swagger/favicon-32x32.png responded 200 in 0ms | User: anonymous {"SourceContext": "FoodShop.API.Middleware.RequestLoggingMiddleware", "RequestId": "0HNLKN25SSLVD:0000000D", "RequestPath": "/swagger/favicon-32x32.png", "ConnectionId": "0HNLKN25SSLVD", "MachineName": "DESKTOP-A8D7LM9", "ThreadId": 3}
[15:39:30 INF] HTTP GET /swagger/v1/swagger.json responded 200 in 179ms | User: anonymous {"SourceContext": "FoodShop.API.Middleware.RequestLoggingMiddleware", "RequestId": "0HNLKN25SSLVD:0000000B", "RequestPath": "/swagger/v1/swagger.json", "ConnectionId": "0HNLKN25SSLVD", "MachineName": "DESKTOP-A8D7LM9", "ThreadId": 42}
[15:40:28 INF] HTTP POST /api/auth/login responded 200 in 601ms | User: anonymous {"SourceContext": "FoodShop.API.Middleware.RequestLoggingMiddleware", "RequestId": "0HNLKN25SSLVE:00000001", "RequestPath": "/api/auth/login", "ConnectionId": "0HNLKN25SSLVE", "MachineName": "DESKTOP-A8D7LM9", "ThreadId": 42}
[15:40:28 INF] HTTP GET /api/cart responded 200 in 377ms | User: admin {"SourceContext": "FoodShop.API.Middleware.RequestLoggingMiddleware", "RequestId": "0HNLKN25SSLVF:00000001", "RequestPath": "/api/cart", "ConnectionId": "0HNLKN25SSLVF", "MachineName": "DESKTOP-A8D7LM9", "ThreadId": 3}
[15:42:43 WRN] Cache GET failed for key: products:p1:ps12:cat:s:sort:min:max {"SourceContext": "FoodShop.API.Services.RedisCacheService", "ActionId": "102ced48-6070-4d95-aad4-8badfcdbe232", "ActionName": "FoodShop.API.Controllers.ProductsController.GetProducts (FoodShop.API)", "RequestId": "0HNLKN25SSLVH:00000001", "RequestPath": "/api/products", "ConnectionId": "0HNLKN25SSLVH", "MachineName": "DESKTOP-A8D7LM9", "ThreadId": 3}
StackExchange.Redis.RedisConnectionException: The message timed out in the backlog attempting to send because no connection became available (1000ms) - Last Connection Exception: It was not possible to connect to the redis server(s). ConnectTimeout, command=HMGET, timeout: 1000, inst: 0, qu: 0, qs: 0, aw: False, bw: CheckingForTimeout, rs: NotStarted, ws: Initializing, in: 0, last-in: 0, cur-in: 0, sync-ops: 0, async-ops: 4, serverEndpoint: localhost:6379, conn-sec: n/a, aoc: 0, mc: 1/1/0, mgr: 10 of 10 available, clientName: DESKTOP-A8D7LM9(SE.Redis-v2.7.33.41805), IOCP: (Busy=0,Free=1000,Min=1,Max=1000), WORKER: (Busy=3,Free=32764,Min=12,Max=32767), POOL: (Threads=5,QueuedItems=0,CompletedItems=2219,Timers=4), v: 2.7.33.41805 (Please take a look at this article for some common client-side issues that can cause timeouts: https://stackexchange.github.io/StackExchange.Redis/Timeouts)
 ---> StackExchange.Redis.RedisConnectionException: It was not possible to connect to the redis server(s). ConnectTimeout
   --- End of inner exception stack trace ---
   at Microsoft.Extensions.Caching.StackExchangeRedis.RedisCache.GetAndRefreshAsync(String key, Boolean getData, CancellationToken token)
   at Microsoft.Extensions.Caching.StackExchangeRedis.RedisCache.GetAsync(String key, CancellationToken token)
   at Microsoft.Extensions.Caching.Distributed.DistributedCacheExtensions.GetStringAsync(IDistributedCache cache, String key, CancellationToken token)
   at FoodShop.API.Services.RedisCacheService.GetAsync[T](String key) in C:\Users\Admin\Downloads\foodshop\backend\FoodShop.API\Services\CacheService.cs:line 45
[15:42:43 WRN] Cache GET failed for key: categories {"SourceContext": "FoodShop.API.Services.RedisCacheService", "ActionId": "0a5dddfd-644d-49d5-b0fd-b1d995f11084", "ActionName": "FoodShop.API.Controllers.CategoriesController.GetCategories (FoodShop.API)", "RequestId": "0HNLKN25SSLVG:00000001", "RequestPath": "/api/categories", "ConnectionId": "0HNLKN25SSLVG", "MachineName": "DESKTOP-A8D7LM9", "ThreadId": 14}
StackExchange.Redis.RedisConnectionException: The message timed out in the backlog attempting to send because no connection became available (1000ms) - Last Connection Exception: It was not possible to connect to the redis server(s). ConnectTimeout, command=HMGET, timeout: 1000, inst: 0, qu: 1, qs: 0, aw: False, bw: CheckingForTimeout, rs: NotStarted, ws: Initializing, in: 0, last-in: 0, cur-in: 0, sync-ops: 0, async-ops: 4, serverEndpoint: localhost:6379, conn-sec: n/a, aoc: 0, mc: 1/1/0, mgr: 10 of 10 available, clientName: DESKTOP-A8D7LM9(SE.Redis-v2.7.33.41805), IOCP: (Busy=0,Free=1000,Min=1,Max=1000), WORKER: (Busy=1,Free=32766,Min=12,Max=32767), POOL: (Threads=5,QueuedItems=0,CompletedItems=2219,Timers=4), v: 2.7.33.41805 (Please take a look at this article for some common client-side issues that can cause timeouts: https://stackexchange.github.io/StackExchange.Redis/Timeouts)
 ---> StackExchange.Redis.RedisConnectionException: It was not possible to connect to the redis server(s). ConnectTimeout
   --- End of inner exception stack trace ---
   at Microsoft.Extensions.Caching.StackExchangeRedis.RedisCache.GetAndRefreshAsync(String key, Boolean getData, CancellationToken token)
   at Microsoft.Extensions.Caching.StackExchangeRedis.RedisCache.GetAsync(String key, CancellationToken token)
   at Microsoft.Extensions.Caching.Distributed.DistributedCacheExtensions.GetStringAsync(IDistributedCache cache, String key, CancellationToken token)
   at FoodShop.API.Services.RedisCacheService.GetAsync[T](String key) in C:\Users\Admin\Downloads\foodshop\backend\FoodShop.API\Services\CacheService.cs:line 45
[15:42:45 WRN] Cache SET failed for key: products:p1:ps12:cat:s:sort:min:max {"SourceContext": "FoodShop.API.Services.RedisCacheService", "ActionId": "102ced48-6070-4d95-aad4-8badfcdbe232", "ActionName": "FoodShop.API.Controllers.ProductsController.GetProducts (FoodShop.API)", "RequestId": "0HNLKN25SSLVH:00000001", "RequestPath": "/api/products", "ConnectionId": "0HNLKN25SSLVH", "MachineName": "DESKTOP-A8D7LM9", "ThreadId": 3}
StackExchange.Redis.RedisConnectionException: The message timed out in the backlog attempting to send because no connection became available (1000ms) - Last Connection Exception: It was not possible to connect to the redis server(s). ConnectTimeout, command=EVAL, timeout: 1000, inst: 0, qu: 1, qs: 0, aw: False, bw: CheckingForTimeout, rs: NotStarted, ws: Initializing, in: 0, last-in: 0, cur-in: 0, sync-ops: 0, async-ops: 6, serverEndpoint: localhost:6379, conn-sec: n/a, aoc: 0, mc: 1/1/0, mgr: 10 of 10 available, clientName: DESKTOP-A8D7LM9(SE.Redis-v2.7.33.41805), IOCP: (Busy=0,Free=1000,Min=1,Max=1000), WORKER: (Busy=1,Free=32766,Min=12,Max=32767), POOL: (Threads=5,QueuedItems=0,CompletedItems=2235,Timers=6), v: 2.7.33.41805 (Please take a look at this article for some common client-side issues that can cause timeouts: https://stackexchange.github.io/StackExchange.Redis/Timeouts)
 ---> StackExchange.Redis.RedisConnectionException: It was not possible to connect to the redis server(s). ConnectTimeout
   --- End of inner exception stack trace ---
   at StackExchange.Redis.RedisDatabase.ScriptEvaluateAsync(String script, RedisKey[] keys, RedisValue[] values, CommandFlags flags) in /_/src/StackExchange.Redis/RedisDatabase.cs:line 1551
   at Microsoft.Extensions.Caching.StackExchangeRedis.RedisCache.SetAsync(String key, Byte[] value, DistributedCacheEntryOptions options, CancellationToken token)
   at FoodShop.API.Services.RedisCacheService.SetAsync[T](String key, T value, Nullable`1 expiry) in C:\Users\Admin\Downloads\foodshop\backend\FoodShop.API\Services\CacheService.cs:line 68
[15:42:45 WRN] Cache SET failed for key: categories {"SourceContext": "FoodShop.API.Services.RedisCacheService", "ActionId": "0a5dddfd-644d-49d5-b0fd-b1d995f11084", "ActionName": "FoodShop.API.Controllers.CategoriesController.GetCategories (FoodShop.API)", "RequestId": "0HNLKN25SSLVG:00000001", "RequestPath": "/api/categories", "ConnectionId": "0HNLKN25SSLVG", "MachineName": "DESKTOP-A8D7LM9", "ThreadId": 14}
StackExchange.Redis.RedisConnectionException: The message timed out in the backlog attempting to send because no connection became available (1000ms) - Last Connection Exception: It was not possible to connect to the redis server(s). ConnectTimeout, command=EVAL, timeout: 1000, inst: 0, qu: 0, qs: 0, aw: False, bw: CheckingForTimeout, rs: NotStarted, ws: Initializing, in: 0, last-in: 0, cur-in: 0, sync-ops: 0, async-ops: 6, serverEndpoint: localhost:6379, conn-sec: n/a, aoc: 0, mc: 1/1/0, mgr: 10 of 10 available, clientName: DESKTOP-A8D7LM9(SE.Redis-v2.7.33.41805), IOCP: (Busy=0,Free=1000,Min=1,Max=1000), WORKER: (Busy=2,Free=32765,Min=12,Max=32767), POOL: (Threads=5,QueuedItems=0,CompletedItems=2235,Timers=6), v: 2.7.33.41805 (Please take a look at this article for some common client-side issues that can cause timeouts: https://stackexchange.github.io/StackExchange.Redis/Timeouts)
 ---> StackExchange.Redis.RedisConnectionException: It was not possible to connect to the redis server(s). ConnectTimeout
   --- End of inner exception stack trace ---
   at StackExchange.Redis.RedisDatabase.ScriptEvaluateAsync(String script, RedisKey[] keys, RedisValue[] values, CommandFlags flags) in /_/src/StackExchange.Redis/RedisDatabase.cs:line 1551
   at Microsoft.Extensions.Caching.StackExchangeRedis.RedisCache.SetAsync(String key, Byte[] value, DistributedCacheEntryOptions options, CancellationToken token)
   at FoodShop.API.Services.RedisCacheService.SetAsync[T](String key, T value, Nullable`1 expiry) in C:\Users\Admin\Downloads\foodshop\backend\FoodShop.API\Services\CacheService.cs:line 68
[15:42:45 INF] HTTP GET /api/products responded 200 in 3090ms | User: admin {"SourceContext": "FoodShop.API.Middleware.RequestLoggingMiddleware", "RequestId": "0HNLKN25SSLVH:00000001", "RequestPath": "/api/products", "ConnectionId": "0HNLKN25SSLVH", "MachineName": "DESKTOP-A8D7LM9", "ThreadId": 3}
[15:42:45 INF] HTTP GET /api/categories responded 200 in 3096ms | User: admin {"SourceContext": "FoodShop.API.Middleware.RequestLoggingMiddleware", "RequestId": "0HNLKN25SSLVG:00000001", "RequestPath": "/api/categories", "ConnectionId": "0HNLKN25SSLVG", "MachineName": "DESKTOP-A8D7LM9", "ThreadId": 14}
[15:42:47 WRN] Cache GET failed for key: categories {"SourceContext": "FoodShop.API.Services.RedisCacheService", "ActionId": "0a5dddfd-644d-49d5-b0fd-b1d995f11084", "ActionName": "FoodShop.API.Controllers.CategoriesController.GetCategories (FoodShop.API)", "RequestId": "0HNLKN25SSLVJ:00000001", "RequestPath": "/api/categories", "ConnectionId": "0HNLKN25SSLVJ", "MachineName": "DESKTOP-A8D7LM9", "ThreadId": 41}
StackExchange.Redis.RedisConnectionException: The message timed out in the backlog attempting to send because no connection became available (1000ms) - Last Connection Exception: It was not possible to connect to the redis server(s). ConnectTimeout, command=HMGET, timeout: 1000, inst: 0, qu: 1, qs: 0, aw: False, bw: CheckingForTimeout, rs: NotStarted, ws: Initializing, in: 0, last-in: 0, cur-in: 0, sync-ops: 0, async-ops: 8, serverEndpoint: localhost:6379, conn-sec: n/a, aoc: 0, mc: 1/1/0, mgr: 10 of 10 available, clientName: DESKTOP-A8D7LM9(SE.Redis-v2.7.33.41805), IOCP: (Busy=0,Free=1000,Min=1,Max=1000), WORKER: (Busy=2,Free=32765,Min=12,Max=32767), POOL: (Threads=6,QueuedItems=0,CompletedItems=2275,Timers=5), v: 2.7.33.41805 (Please take a look at this article for some common client-side issues that can cause timeouts: https://stackexchange.github.io/StackExchange.Redis/Timeouts)
 ---> StackExchange.Redis.RedisConnectionException: It was not possible to connect to the redis server(s). ConnectTimeout
   --- End of inner exception stack trace ---
   at Microsoft.Extensions.Caching.StackExchangeRedis.RedisCache.GetAndRefreshAsync(String key, Boolean getData, CancellationToken token)
   at Microsoft.Extensions.Caching.StackExchangeRedis.RedisCache.GetAsync(String key, CancellationToken token)
   at Microsoft.Extensions.Caching.Distributed.DistributedCacheExtensions.GetStringAsync(IDistributedCache cache, String key, CancellationToken token)
   at FoodShop.API.Services.RedisCacheService.GetAsync[T](String key) in C:\Users\Admin\Downloads\foodshop\backend\FoodShop.API\Services\CacheService.cs:line 45
[15:42:47 WRN] Cache GET failed for key: products:p1:ps12:cat:s:sort:min:max {"SourceContext": "FoodShop.API.Services.RedisCacheService", "ActionId": "102ced48-6070-4d95-aad4-8badfcdbe232", "ActionName": "FoodShop.API.Controllers.ProductsController.GetProducts (FoodShop.API)", "RequestId": "0HNLKN25SSLVI:00000001", "RequestPath": "/api/products", "ConnectionId": "0HNLKN25SSLVI", "MachineName": "DESKTOP-A8D7LM9", "ThreadId": 14}
StackExchange.Redis.RedisConnectionException: The message timed out in the backlog attempting to send because no connection became available (1000ms) - Last Connection Exception: It was not possible to connect to the redis server(s). ConnectTimeout, command=HMGET, timeout: 1000, inst: 0, qu: 0, qs: 0, aw: False, bw: CheckingForTimeout, rs: NotStarted, ws: Initializing, in: 0, last-in: 0, cur-in: 0, sync-ops: 0, async-ops: 8, serverEndpoint: localhost:6379, conn-sec: n/a, aoc: 0, mc: 1/1/0, mgr: 10 of 10 available, clientName: DESKTOP-A8D7LM9(SE.Redis-v2.7.33.41805), IOCP: (Busy=0,Free=1000,Min=1,Max=1000), WORKER: (Busy=3,Free=32764,Min=12,Max=32767), POOL: (Threads=6,QueuedItems=0,CompletedItems=2275,Timers=5), v: 2.7.33.41805 (Please take a look at this article for some common client-side issues that can cause timeouts: https://stackexchange.github.io/StackExchange.Redis/Timeouts)
 ---> StackExchange.Redis.RedisConnectionException: It was not possible to connect to the redis server(s). ConnectTimeout
   --- End of inner exception stack trace ---
   at Microsoft.Extensions.Caching.StackExchangeRedis.RedisCache.GetAndRefreshAsync(String key, Boolean getData, CancellationToken token)
   at Microsoft.Extensions.Caching.StackExchangeRedis.RedisCache.GetAsync(String key, CancellationToken token)
   at Microsoft.Extensions.Caching.Distributed.DistributedCacheExtensions.GetStringAsync(IDistributedCache cache, String key, CancellationToken token)
   at FoodShop.API.Services.RedisCacheService.GetAsync[T](String key) in C:\Users\Admin\Downloads\foodshop\backend\FoodShop.API\Services\CacheService.cs:line 45
[15:42:49 WRN] Cache SET failed for key: categories {"SourceContext": "FoodShop.API.Services.RedisCacheService", "ActionId": "0a5dddfd-644d-49d5-b0fd-b1d995f11084", "ActionName": "FoodShop.API.Controllers.CategoriesController.GetCategories (FoodShop.API)", "RequestId": "0HNLKN25SSLVJ:00000001", "RequestPath": "/api/categories", "ConnectionId": "0HNLKN25SSLVJ", "MachineName": "DESKTOP-A8D7LM9", "ThreadId": 46}
StackExchange.Redis.RedisConnectionException: The message timed out in the backlog attempting to send because no connection became available (1000ms) - Last Connection Exception: It was not possible to connect to the redis server(s). ConnectTimeout, command=EVAL, timeout: 1000, inst: 0, qu: 1, qs: 0, aw: False, bw: CheckingForTimeout, rs: NotStarted, ws: Initializing, in: 0, last-in: 0, cur-in: 0, sync-ops: 0, async-ops: 10, serverEndpoint: localhost:6379, conn-sec: n/a, aoc: 0, mc: 1/1/0, mgr: 10 of 10 available, clientName: DESKTOP-A8D7LM9(SE.Redis-v2.7.33.41805), IOCP: (Busy=0,Free=1000,Min=1,Max=1000), WORKER: (Busy=1,Free=32766,Min=12,Max=32767), POOL: (Threads=6,QueuedItems=0,CompletedItems=2297,Timers=5), v: 2.7.33.41805 (Please take a look at this article for some common client-side issues that can cause timeouts: https://stackexchange.github.io/StackExchange.Redis/Timeouts)
 ---> StackExchange.Redis.RedisConnectionException: It was not possible to connect to the redis server(s). ConnectTimeout
   --- End of inner exception stack trace ---
   at StackExchange.Redis.RedisDatabase.ScriptEvaluateAsync(String script, RedisKey[] keys, RedisValue[] values, CommandFlags flags) in /_/src/StackExchange.Redis/RedisDatabase.cs:line 1551
   at Microsoft.Extensions.Caching.StackExchangeRedis.RedisCache.SetAsync(String key, Byte[] value, DistributedCacheEntryOptions options, CancellationToken token)
   at FoodShop.API.Services.RedisCacheService.SetAsync[T](String key, T value, Nullable`1 expiry) in C:\Users\Admin\Downloads\foodshop\backend\FoodShop.API\Services\CacheService.cs:line 68
[15:42:49 WRN] Cache SET failed for key: products:p1:ps12:cat:s:sort:min:max {"SourceContext": "FoodShop.API.Services.RedisCacheService", "ActionId": "102ced48-6070-4d95-aad4-8badfcdbe232", "ActionName": "FoodShop.API.Controllers.ProductsController.GetProducts (FoodShop.API)", "RequestId": "0HNLKN25SSLVI:00000001", "RequestPath": "/api/products", "ConnectionId": "0HNLKN25SSLVI", "MachineName": "DESKTOP-A8D7LM9", "ThreadId": 14}
StackExchange.Redis.RedisConnectionException: The message timed out in the backlog attempting to send because no connection became available (1000ms) - Last Connection Exception: It was not possible to connect to the redis server(s). ConnectTimeout, command=EVAL, timeout: 1000, inst: 0, qu: 0, qs: 0, aw: False, bw: CheckingForTimeout, rs: NotStarted, ws: Initializing, in: 0, last-in: 0, cur-in: 0, sync-ops: 0, async-ops: 10, serverEndpoint: localhost:6379, conn-sec: n/a, aoc: 0, mc: 1/1/0, mgr: 10 of 10 available, clientName: DESKTOP-A8D7LM9(SE.Redis-v2.7.33.41805), IOCP: (Busy=0,Free=1000,Min=1,Max=1000), WORKER: (Busy=3,Free=32764,Min=12,Max=32767), POOL: (Threads=6,QueuedItems=0,CompletedItems=2297,Timers=5), v: 2.7.33.41805 (Please take a look at this article for some common client-side issues that can cause timeouts: https://stackexchange.github.io/StackExchange.Redis/Timeouts)
 ---> StackExchange.Redis.RedisConnectionException: It was not possible to connect to the redis server(s). ConnectTimeout
   --- End of inner exception stack trace ---
   at StackExchange.Redis.RedisDatabase.ScriptEvaluateAsync(String script, RedisKey[] keys, RedisValue[] values, CommandFlags flags) in /_/src/StackExchange.Redis/RedisDatabase.cs:line 1551
   at Microsoft.Extensions.Caching.StackExchangeRedis.RedisCache.SetAsync(String key, Byte[] value, DistributedCacheEntryOptions options, CancellationToken token)
   at FoodShop.API.Services.RedisCacheService.SetAsync[T](String key, T value, Nullable`1 expiry) in C:\Users\Admin\Downloads\foodshop\backend\FoodShop.API\Services\CacheService.cs:line 68
[15:42:49 INF] HTTP GET /api/categories responded 200 in 3978ms | User: admin {"SourceContext": "FoodShop.API.Middleware.RequestLoggingMiddleware", "RequestId": "0HNLKN25SSLVJ:00000001", "RequestPath": "/api/categories", "ConnectionId": "0HNLKN25SSLVJ", "MachineName": "DESKTOP-A8D7LM9", "ThreadId": 46}
[15:42:49 INF] HTTP GET /api/products responded 200 in 3982ms | User: admin {"SourceContext": "FoodShop.API.Middleware.RequestLoggingMiddleware", "RequestId": "0HNLKN25SSLVI:00000001", "RequestPath": "/api/products", "ConnectionId": "0HNLKN25SSLVI", "MachineName": "DESKTOP-A8D7LM9", "ThreadId": 14}
[15:42:51 WRN] Cache GET failed for key: products:p1:ps12:cat:s:sort:min:max {"SourceContext": "FoodShop.API.Services.RedisCacheService", "ActionId": "102ced48-6070-4d95-aad4-8badfcdbe232", "ActionName": "FoodShop.API.Controllers.ProductsController.GetProducts (FoodShop.API)", "RequestId": "0HNLKN25SSLVK:00000001", "RequestPath": "/api/products", "ConnectionId": "0HNLKN25SSLVK", "MachineName": "DESKTOP-A8D7LM9", "ThreadId": 40}
StackExchange.Redis.RedisConnectionException: The message timed out in the backlog attempting to send because no connection became available (1000ms) - Last Connection Exception: It was not possible to connect to the redis server(s). ConnectTimeout, command=HMGET, timeout: 1000, inst: 0, qu: 0, qs: 0, aw: False, bw: CheckingForTimeout, last-in: 0, cur-in: 0, sync-ops: 0, async-ops: 11, serverEndpoint: localhost:6379, conn-sec: n/a, aoc: 0, mc: 1/1/0, mgr: 10 of 10 available, clientName: DESKTOP-A8D7LM9(SE.Redis-v2.7.33.41805), IOCP: (Busy=0,Free=1000,Min=1,Max=1000), WORKER: (Busy=2,Free=32765,Min=12,Max=32767), POOL: (Threads=7,QueuedItems=0,CompletedItems=2320,Timers=6), v: 2.7.33.41805 (Please take a look at this article for some common client-side issues that can cause timeouts: https://stackexchange.github.io/StackExchange.Redis/Timeouts)
 ---> StackExchange.Redis.RedisConnectionException: It was not possible to connect to the redis server(s). ConnectTimeout
   --- End of inner exception stack trace ---
   at Microsoft.Extensions.Caching.StackExchangeRedis.RedisCache.GetAndRefreshAsync(String key, Boolean getData, CancellationToken token)
   at Microsoft.Extensions.Caching.StackExchangeRedis.RedisCache.GetAsync(String key, CancellationToken token)
   at Microsoft.Extensions.Caching.Distributed.DistributedCacheExtensions.GetStringAsync(IDistributedCache cache, String key, CancellationToken token)
   at FoodShop.API.Services.RedisCacheService.GetAsync[T](String key) in C:\Users\Admin\Downloads\foodshop\backend\FoodShop.API\Services\CacheService.cs:line 45
[15:42:53 WRN] Cache SET failed for key: products:p1:ps12:cat:s:sort:min:max {"SourceContext": "FoodShop.API.Services.RedisCacheService", "ActionId": "102ced48-6070-4d95-aad4-8badfcdbe232", "ActionName": "FoodShop.API.Controllers.ProductsController.GetProducts (FoodShop.API)", "RequestId": "0HNLKN25SSLVK:00000001", "RequestPath": "/api/products", "ConnectionId": "0HNLKN25SSLVK", "MachineName": "DESKTOP-A8D7LM9", "ThreadId": 41}
StackExchange.Redis.RedisConnectionException: The message timed out in the backlog attempting to send because no connection became available (1000ms) - Last Connection Exception: It was not possible to connect to the redis server(s). ConnectTimeout, command=EVAL, timeout: 1000, inst: 0, qu: 0, qs: 0, aw: False, bw: CheckingForTimeout, rs: NotStarted, ws: Idle, in: 0, last-in: 0, cur-in: 0, sync-ops: 0, async-ops: 12, serverEndpoint: localhost:6379, conn-sec: n/a, aoc: 0, mc: 1/1/0, mgr: 10 of 10 available, clientName: DESKTOP-A8D7LM9(SE.Redis-v2.7.33.41805), IOCP: (Busy=0,Free=1000,Min=1,Max=1000), WORKER: (Busy=1,Free=32766,Min=12,Max=32767), POOL: (Threads=7,QueuedItems=0,CompletedItems=2339,Timers=6), v: 2.7.33.41805 (Please take a look at this article for some common client-side issues that can cause timeouts: https://stackexchange.github.io/StackExchange.Redis/Timeouts)
 ---> StackExchange.Redis.RedisConnectionException: It was not possible to connect to the redis server(s). ConnectTimeout
   --- End of inner exception stack trace ---
   at StackExchange.Redis.RedisDatabase.ScriptEvaluateAsync(String script, RedisKey[] keys, RedisValue[] values, CommandFlags flags) in /_/src/StackExchange.Redis/RedisDatabase.cs:line 1551
   at Microsoft.Extensions.Caching.StackExchangeRedis.RedisCache.SetAsync(String key, Byte[] value, DistributedCacheEntryOptions options, CancellationToken token)
   at FoodShop.API.Services.RedisCacheService.SetAsync[T](String key, T value, Nullable`1 expiry) in C:\Users\Admin\Downloads\foodshop\backend\FoodShop.API\Services\CacheService.cs:line 68
[15:42:53 INF] HTTP GET /api/products responded 200 in 3955ms | User: admin {"SourceContext": "FoodShop.API.Middleware.RequestLoggingMiddleware", "RequestId": "0HNLKN25SSLVK:00000001", "RequestPath": "/api/products", "ConnectionId": "0HNLKN25SSLVK", "MachineName": "DESKTOP-A8D7LM9", "ThreadId": 41}
[15:43:14 WRN] Cache GET failed for key: categories {"SourceContext": "FoodShop.API.Services.RedisCacheService", "ActionId": "0a5dddfd-644d-49d5-b0fd-b1d995f11084", "ActionName": "FoodShop.API.Controllers.CategoriesController.GetCategories (FoodShop.API)", "RequestId": "0HNLKN25SSLVL:00000001", "RequestPath": "/api/categories", "ConnectionId": "0HNLKN25SSLVL", "MachineName": "DESKTOP-A8D7LM9", "ThreadId": 3}
StackExchange.Redis.RedisConnectionException: The message timed out in the backlog attempting to send because no connection became available (1000ms) - Last Connection Exception: It was not possible to connect to the redis server(s). ConnectTimeout, command=HMGET, timeout: 1000, inst: 0, qu: 0, qs: 0, aw: False, bw: CheckingForTimeout, rs: NotStarted, ws: Initializing, in: 0, last-in: 0, cur-in: 0, sync-ops: 0, async-ops: 14, serverEndpoint: localhost:6379, conn-sec: n/a, aoc: 0, mc: 1/1/0, mgr: 10 of 10 available, clientName: DESKTOP-A8D7LM9(SE.Redis-v2.7.33.41805), IOCP: (Busy=0,Free=1000,Min=1,Max=1000), WORKER: (Busy=3,Free=32764,Min=12,Max=32767), POOL: (Threads=5,QueuedItems=0,CompletedItems=2459,Timers=7), v: 2.7.33.41805 (Please take a look at this article for some common client-side issues that can cause timeouts: https://stackexchange.github.io/StackExchange.Redis/Timeouts)
 ---> StackExchange.Redis.RedisConnectionException: It was not possible to connect to the redis server(s). ConnectTimeout
   --- End of inner exception stack trace ---
   at Microsoft.Extensions.Caching.StackExchangeRedis.RedisCache.GetAndRefreshAsync(String key, Boolean getData, CancellationToken token)
   at Microsoft.Extensions.Caching.StackExchangeRedis.RedisCache.GetAsync(String key, CancellationToken token)
   at Microsoft.Extensions.Caching.Distributed.DistributedCacheExtensions.GetStringAsync(IDistributedCache cache, String key, CancellationToken token)
   at FoodShop.API.Services.RedisCacheService.GetAsync[T](String key) in C:\Users\Admin\Downloads\foodshop\backend\FoodShop.API\Services\CacheService.cs:line 45
[15:43:14 WRN] Cache GET failed for key: products:p1:ps12:cat:s:sort:min:max {"SourceContext": "FoodShop.API.Services.RedisCacheService", "ActionId": "102ced48-6070-4d95-aad4-8badfcdbe232", "ActionName": "FoodShop.API.Controllers.ProductsController.GetProducts (FoodShop.API)", "RequestId": "0HNLKN25SSLVM:00000001", "RequestPath": "/api/products", "ConnectionId": "0HNLKN25SSLVM", "MachineName": "DESKTOP-A8D7LM9", "ThreadId": 40}
StackExchange.Redis.RedisConnectionException: The message timed out in the backlog attempting to send because no connection became available (1000ms) - Last Connection Exception: It was not possible to connect to the redis server(s). ConnectTimeout, command=HMGET, timeout: 1000, inst: 0, qu: 1, qs: 0, aw: False, bw: CheckingForTimeout, rs: NotStarted, ws: Initializing, in: 0, last-in: 0, cur-in: 0, sync-ops: 0, async-ops: 14, serverEndpoint: localhost:6379, conn-sec: n/a, aoc: 0, mc: 1/1/0, mgr: 10 of 10 available, clientName: DESKTOP-A8D7LM9(SE.Redis-v2.7.33.41805), IOCP: (Busy=0,Free=1000,Min=1,Max=1000), WORKER: (Busy=1,Free=32766,Min=12,Max=32767), POOL: (Threads=5,QueuedItems=0,CompletedItems=2459,Timers=7), v: 2.7.33.41805 (Please take a look at this article for some common client-side issues that can cause timeouts: https://stackexchange.github.io/StackExchange.Redis/Timeouts)
 ---> StackExchange.Redis.RedisConnectionException: It was not possible to connect to the redis server(s). ConnectTimeout
   --- End of inner exception stack trace ---
   at Microsoft.Extensions.Caching.StackExchangeRedis.RedisCache.GetAndRefreshAsync(String key, Boolean getData, CancellationToken token)
   at Microsoft.Extensions.Caching.StackExchangeRedis.RedisCache.GetAsync(String key, CancellationToken token)
   at Microsoft.Extensions.Caching.Distributed.DistributedCacheExtensions.GetStringAsync(IDistributedCache cache, String key, CancellationToken token)
   at FoodShop.API.Services.RedisCacheService.GetAsync[T](String key) in C:\Users\Admin\Downloads\foodshop\backend\FoodShop.API\Services\CacheService.cs:line 45
[15:43:16 WRN] Cache SET failed for key: products:p1:ps12:cat:s:sort:min:max {"SourceContext": "FoodShop.API.Services.RedisCacheService", "ActionId": "102ced48-6070-4d95-aad4-8badfcdbe232", "ActionName": "FoodShop.API.Controllers.ProductsController.GetProducts (FoodShop.API)", "RequestId": "0HNLKN25SSLVM:00000001", "RequestPath": "/api/products", "ConnectionId": "0HNLKN25SSLVM", "MachineName": "DESKTOP-A8D7LM9", "ThreadId": 14}
StackExchange.Redis.RedisConnectionException: The message timed out in the backlog attempting to send because no connection became available (1000ms) - Last Connection Exception: It was not possible to connect to the redis server(s). ConnectTimeout, command=EVAL, timeout: 1000, inst: 0, qu: 0, qs: 0, aw: False, bw: CheckingForTimeout, rs: NotStarted, ws: Initializing, in: 0, last-in: 0, cur-in: 0, sync-ops: 0, async-ops: 16, serverEndpoint: localhost:6379, conn-sec: n/a, aoc: 0, mc: 1/1/0, mgr: 10 of 10 available, clientName: DESKTOP-A8D7LM9(SE.Redis-v2.7.33.41805), IOCP: (Busy=0,Free=1000,Min=1,Max=1000), WORKER: (Busy=3,Free=32764,Min=12,Max=32767), POOL: (Threads=5,QueuedItems=0,CompletedItems=2480,Timers=7), v: 2.7.33.41805 (Please take a look at this article for some common client-side issues that can cause timeouts: https://stackexchange.github.io/StackExchange.Redis/Timeouts)
 ---> StackExchange.Redis.RedisConnectionException: It was not possible to connect to the redis server(s). ConnectTimeout
   --- End of inner exception stack trace ---
   at StackExchange.Redis.RedisDatabase.ScriptEvaluateAsync(String script, RedisKey[] keys, RedisValue[] values, CommandFlags flags) in /_/src/StackExchange.Redis/RedisDatabase.cs:line 1551
   at Microsoft.Extensions.Caching.StackExchangeRedis.RedisCache.SetAsync(String key, Byte[] value, DistributedCacheEntryOptions options, CancellationToken token)
   at FoodShop.API.Services.RedisCacheService.SetAsync[T](String key, T value, Nullable`1 expiry) in C:\Users\Admin\Downloads\foodshop\backend\FoodShop.API\Services\CacheService.cs:line 68
[15:43:16 WRN] Cache SET failed for key: categories {"SourceContext": "FoodShop.API.Services.RedisCacheService", "ActionId": "0a5dddfd-644d-49d5-b0fd-b1d995f11084", "ActionName": "FoodShop.API.Controllers.CategoriesController.GetCategories (FoodShop.API)", "RequestId": "0HNLKN25SSLVL:00000001", "RequestPath": "/api/categories", "ConnectionId": "0HNLKN25SSLVL", "MachineName": "DESKTOP-A8D7LM9", "ThreadId": 40}
StackExchange.Redis.RedisConnectionException: The message timed out in the backlog attempting to send because no connection became available (1000ms) - Last Connection Exception: It was not possible to connect to the redis server(s). ConnectTimeout, command=EVAL, timeout: 1000, inst: 0, qu: 1, qs: 0, aw: False, bw: CheckingForTimeout, rs: NotStarted, ws: Initializing, in: 0, last-in: 0, cur-in: 0, sync-ops: 0, async-ops: 16, serverEndpoint: localhost:6379, conn-sec: n/a, aoc: 0, mc: 1/1/0, mgr: 10 of 10 available, clientName: DESKTOP-A8D7LM9(SE.Redis-v2.7.33.41805), IOCP: (Busy=0,Free=1000,Min=1,Max=1000), WORKER: (Busy=1,Free=32766,Min=12,Max=32767), POOL: (Threads=5,QueuedItems=0,CompletedItems=2480,Timers=7), v: 2.7.33.41805 (Please take a look at this article for some common client-side issues that can cause timeouts: https://stackexchange.github.io/StackExchange.Redis/Timeouts)
 ---> StackExchange.Redis.RedisConnectionException: It was not possible to connect to the redis server(s). ConnectTimeout
   --- End of inner exception stack trace ---
   at StackExchange.Redis.RedisDatabase.ScriptEvaluateAsync(String script, RedisKey[] keys, RedisValue[] values, CommandFlags flags) in /_/src/StackExchange.Redis/RedisDatabase.cs:line 1551
   at Microsoft.Extensions.Caching.StackExchangeRedis.RedisCache.SetAsync(String key, Byte[] value, DistributedCacheEntryOptions options, CancellationToken token)
   at FoodShop.API.Services.RedisCacheService.SetAsync[T](String key, T value, Nullable`1 expiry) in C:\Users\Admin\Downloads\foodshop\backend\FoodShop.API\Services\CacheService.cs:line 68
[15:43:16 INF] HTTP GET /api/products responded 200 in 3415ms | User: admin {"SourceContext": "FoodShop.API.Middleware.RequestLoggingMiddleware", "RequestId": "0HNLKN25SSLVM:00000001", "RequestPath": "/api/products", "ConnectionId": "0HNLKN25SSLVM", "MachineName": "DESKTOP-A8D7LM9", "ThreadId": 14}
[15:43:16 INF] HTTP GET /api/categories responded 200 in 3414ms | User: admin {"SourceContext": "FoodShop.API.Middleware.RequestLoggingMiddleware", "RequestId": "0HNLKN25SSLVL:00000001", "RequestPath": "/api/categories", "ConnectionId": "0HNLKN25SSLVL", "MachineName": "DESKTOP-A8D7LM9", "ThreadId": 40}
[15:43:18 WRN] Cache GET failed for key: categories {"SourceContext": "FoodShop.API.Services.RedisCacheService", "ActionId": "0a5dddfd-644d-49d5-b0fd-b1d995f11084", "ActionName": "FoodShop.API.Controllers.CategoriesController.GetCategories (FoodShop.API)", "RequestId": "0HNLKN25SSLVO:00000001", "RequestPath": "/api/categories", "ConnectionId": "0HNLKN25SSLVO", "MachineName": "DESKTOP-A8D7LM9", "ThreadId": 3}
StackExchange.Redis.RedisConnectionException: The message timed out in the backlog attempting to send because no connection became available (1000ms) - Last Connection Exception: It was not possible to connect to the redis server(s). ConnectTimeout, command=HMGET, timeout: 1000, inst: 0, qu: 0, qs: 0, aw: False, bw: CheckingForTimeout, rs: NotStarted, ws: Initializing, in: 0, last-in: 0, cur-in: 0, sync-ops: 0, async-ops: 18, serverEndpoint: localhost:6379, conn-sec: n/a, aoc: 0, mc: 1/1/0, mgr: 10 of 10 available, clientName: DESKTOP-A8D7LM9(SE.Redis-v2.7.33.41805), IOCP: (Busy=0,Free=1000,Min=1,Max=1000), WORKER: (Busy=4,Free=32763,Min=12,Max=32767), POOL: (Threads=5,QueuedItems=0,CompletedItems=2516,Timers=6), v: 2.7.33.41805 (Please take a look at this article for some common client-side issues that can cause timeouts: https://stackexchange.github.io/StackExchange.Redis/Timeouts)
 ---> StackExchange.Redis.RedisConnectionException: It was not possible to connect to the redis server(s). ConnectTimeout
   --- End of inner exception stack trace ---
   at Microsoft.Extensions.Caching.StackExchangeRedis.RedisCache.GetAndRefreshAsync(String key, Boolean getData, CancellationToken token)
   at Microsoft.Extensions.Caching.StackExchangeRedis.RedisCache.GetAsync(String key, CancellationToken token)
   at Microsoft.Extensions.Caching.Distributed.DistributedCacheExtensions.GetStringAsync(IDistributedCache cache, String key, CancellationToken token)
   at FoodShop.API.Services.RedisCacheService.GetAsync[T](String key) in C:\Users\Admin\Downloads\foodshop\backend\FoodShop.API\Services\CacheService.cs:line 45
[15:43:18 WRN] Cache GET failed for key: products:p1:ps12:cat:s:sort:min:max {"SourceContext": "FoodShop.API.Services.RedisCacheService", "ActionId": "102ced48-6070-4d95-aad4-8badfcdbe232", "ActionName": "FoodShop.API.Controllers.ProductsController.GetProducts (FoodShop.API)", "RequestId": "0HNLKN25SSLVN:00000001", "RequestPath": "/api/products", "ConnectionId": "0HNLKN25SSLVN", "MachineName": "DESKTOP-A8D7LM9", "ThreadId": 41}
StackExchange.Redis.RedisConnectionException: The message timed out in the backlog attempting to send because no connection became available (1000ms) - Last Connection Exception: It was not possible to connect to the redis server(s). ConnectTimeout, command=HMGET, timeout: 1000, inst: 0, qu: 1, qs: 0, aw: False, bw: CheckingForTimeout, rs: NotStarted, ws: Initializing, in: 0, last-in: 0, cur-in: 0, sync-ops: 0, async-ops: 18, serverEndpoint: localhost:6379, conn-sec: n/a, aoc: 0, mc: 1/1/0, mgr: 10 of 10 available, clientName: DESKTOP-A8D7LM9(SE.Redis-v2.7.33.41805), IOCP: (Busy=0,Free=1000,Min=1,Max=1000), WORKER: (Busy=3,Free=32764,Min=12,Max=32767), POOL: (Threads=5,QueuedItems=0,CompletedItems=2516,Timers=6), v: 2.7.33.41805 (Please take a look at this article for some common client-side issues that can cause timeouts: https://stackexchange.github.io/StackExchange.Redis/Timeouts)
 ---> StackExchange.Redis.RedisConnectionException: It was not possible to connect to the redis server(s). ConnectTimeout
   --- End of inner exception stack trace ---
   at Microsoft.Extensions.Caching.StackExchangeRedis.RedisCache.GetAndRefreshAsync(String key, Boolean getData, CancellationToken token)
   at Microsoft.Extensions.Caching.StackExchangeRedis.RedisCache.GetAsync(String key, CancellationToken token)
   at Microsoft.Extensions.Caching.Distributed.DistributedCacheExtensions.GetStringAsync(IDistributedCache cache, String key, CancellationToken token)
   at FoodShop.API.Services.RedisCacheService.GetAsync[T](String key) in C:\Users\Admin\Downloads\foodshop\backend\FoodShop.API\Services\CacheService.cs:line 45
[15:43:19 WRN] Cache SET failed for key: products:p1:ps12:cat:s:sort:min:max {"SourceContext": "FoodShop.API.Services.RedisCacheService", "ActionId": "102ced48-6070-4d95-aad4-8badfcdbe232", "ActionName": "FoodShop.API.Controllers.ProductsController.GetProducts (FoodShop.API)", "RequestId": "0HNLKN25SSLVN:00000001", "RequestPath": "/api/products", "ConnectionId": "0HNLKN25SSLVN", "MachineName": "DESKTOP-A8D7LM9", "ThreadId": 41}
StackExchange.Redis.RedisConnectionException: The message timed out in the backlog attempting to send because no connection became available (1000ms) - Last Connection Exception: It was not possible to connect to the redis server(s). ConnectTimeout, command=EVAL, timeout: 1000, inst: 0, qu: 0, qs: 0, aw: False, bw: CheckingForTimeout, last-in: 0, cur-in: 0, sync-ops: 0, async-ops: 20, serverEndpoint: localhost:6379, conn-sec: n/a, aoc: 0, mc: 1/1/0, mgr: 10 of 10 available, clientName: DESKTOP-A8D7LM9(SE.Redis-v2.7.33.41805), IOCP: (Busy=0,Free=1000,Min=1,Max=1000), WORKER: (Busy=5,Free=32762,Min=12,Max=32767), POOL: (Threads=6,QueuedItems=0,CompletedItems=2534,Timers=5), v: 2.7.33.41805 (Please take a look at this article for some common client-side issues that can cause timeouts: https://stackexchange.github.io/StackExchange.Redis/Timeouts)
 ---> StackExchange.Redis.RedisConnectionException: It was not possible to connect to the redis server(s). ConnectTimeout
   --- End of inner exception stack trace ---
   at StackExchange.Redis.RedisDatabase.ScriptEvaluateAsync(String script, RedisKey[] keys, RedisValue[] values, CommandFlags flags) in /_/src/StackExchange.Redis/RedisDatabase.cs:line 1551
   at Microsoft.Extensions.Caching.StackExchangeRedis.RedisCache.SetAsync(String key, Byte[] value, DistributedCacheEntryOptions options, CancellationToken token)
   at FoodShop.API.Services.RedisCacheService.SetAsync[T](String key, T value, Nullable`1 expiry) in C:\Users\Admin\Downloads\foodshop\backend\FoodShop.API\Services\CacheService.cs:line 68
[15:43:19 WRN] Cache SET failed for key: categories {"SourceContext": "FoodShop.API.Services.RedisCacheService", "ActionId": "0a5dddfd-644d-49d5-b0fd-b1d995f11084", "ActionName": "FoodShop.API.Controllers.CategoriesController.GetCategories (FoodShop.API)", "RequestId": "0HNLKN25SSLVO:00000001", "RequestPath": "/api/categories", "ConnectionId": "0HNLKN25SSLVO", "MachineName": "DESKTOP-A8D7LM9", "ThreadId": 44}
StackExchange.Redis.RedisConnectionException: The message timed out in the backlog attempting to send because no connection became available (1000ms) - Last Connection Exception: It was not possible to connect to the redis server(s). ConnectTimeout, command=EVAL, timeout: 1000, inst: 0, qu: 1, qs: 0, aw: False, bw: CheckingForTimeout, last-in: 0, cur-in: 0, sync-ops: 0, async-ops: 20, serverEndpoint: localhost:6379, conn-sec: n/a, aoc: 0, mc: 1/1/0, mgr: 10 of 10 available, clientName: DESKTOP-A8D7LM9(SE.Redis-v2.7.33.41805), IOCP: (Busy=0,Free=1000,Min=1,Max=1000), WORKER: (Busy=3,Free=32764,Min=12,Max=32767), POOL: (Threads=6,QueuedItems=0,CompletedItems=2534,Timers=5), v: 2.7.33.41805 (Please take a look at this article for some common client-side issues that can cause timeouts: https://stackexchange.github.io/StackExchange.Redis/Timeouts)
 ---> StackExchange.Redis.RedisConnectionException: It was not possible to connect to the redis server(s). ConnectTimeout
   --- End of inner exception stack trace ---
   at StackExchange.Redis.RedisDatabase.ScriptEvaluateAsync(String script, RedisKey[] keys, RedisValue[] values, CommandFlags flags) in /_/src/StackExchange.Redis/RedisDatabase.cs:line 1551
   at Microsoft.Extensions.Caching.StackExchangeRedis.RedisCache.SetAsync(String key, Byte[] value, DistributedCacheEntryOptions options, CancellationToken token)
   at FoodShop.API.Services.RedisCacheService.SetAsync[T](String key, T value, Nullable`1 expiry) in C:\Users\Admin\Downloads\foodshop\backend\FoodShop.API\Services\CacheService.cs:line 68
[15:43:19 INF] HTTP GET /api/categories responded 200 in 2969ms | User: admin {"SourceContext": "FoodShop.API.Middleware.RequestLoggingMiddleware", "RequestId": "0HNLKN25SSLVO:00000001", "RequestPath": "/api/categories", "ConnectionId": "0HNLKN25SSLVO", "MachineName": "DESKTOP-A8D7LM9", "ThreadId": 44}
[15:43:19 INF] HTTP GET /api/products responded 200 in 2971ms | User: admin {"SourceContext": "FoodShop.API.Middleware.RequestLoggingMiddleware", "RequestId": "0HNLKN25SSLVN:00000001", "RequestPath": "/api/products", "ConnectionId": "0HNLKN25SSLVN", "MachineName": "DESKTOP-A8D7LM9", "ThreadId": 41}
[15:43:21 WRN] Cache GET failed for key: products:p1:ps12:cat:s:sort:min:max {"SourceContext": "FoodShop.API.Services.RedisCacheService", "ActionId": "102ced48-6070-4d95-aad4-8badfcdbe232", "ActionName": "FoodShop.API.Controllers.ProductsController.GetProducts (FoodShop.API)", "RequestId": "0HNLKN25SSLVP:00000001", "RequestPath": "/api/products", "ConnectionId": "0HNLKN25SSLVP", "MachineName": "DESKTOP-A8D7LM9", "ThreadId": 40}
StackExchange.Redis.RedisConnectionException: The message timed out in the backlog attempting to send because no connection became available (1000ms) - Last Connection Exception: It was not possible to connect to the redis server(s). ConnectTimeout, command=HMGET, timeout: 1000, inst: 0, qu: 0, qs: 0, aw: False, bw: CheckingForTimeout, rs: NotStarted, ws: Idle, in: 0, last-in: 0, cur-in: 0, sync-ops: 0, async-ops: 21, serverEndpoint: localhost:6379, conn-sec: n/a, aoc: 0, mc: 1/1/0, mgr: 10 of 10 available, clientName: DESKTOP-A8D7LM9(SE.Redis-v2.7.33.41805), IOCP: (Busy=0,Free=1000,Min=1,Max=1000), WORKER: (Busy=3,Free=32764,Min=12,Max=32767), POOL: (Threads=9,QueuedItems=0,CompletedItems=2560,Timers=6), v: 2.7.33.41805 (Please take a look at this article for some common client-side issues that can cause timeouts: https://stackexchange.github.io/StackExchange.Redis/Timeouts)
 ---> StackExchange.Redis.RedisConnectionException: It was not possible to connect to the redis server(s). ConnectTimeout
   --- End of inner exception stack trace ---
   at Microsoft.Extensions.Caching.StackExchangeRedis.RedisCache.GetAndRefreshAsync(String key, Boolean getData, CancellationToken token)
   at Microsoft.Extensions.Caching.StackExchangeRedis.RedisCache.GetAsync(String key, CancellationToken token)
   at Microsoft.Extensions.Caching.Distributed.DistributedCacheExtensions.GetStringAsync(IDistributedCache cache, String key, CancellationToken token)
   at FoodShop.API.Services.RedisCacheService.GetAsync[T](String key) in C:\Users\Admin\Downloads\foodshop\backend\FoodShop.API\Services\CacheService.cs:line 45
[15:43:22 WRN] Cache SET failed for key: products:p1:ps12:cat:s:sort:min:max {"SourceContext": "FoodShop.API.Services.RedisCacheService", "ActionId": "102ced48-6070-4d95-aad4-8badfcdbe232", "ActionName": "FoodShop.API.Controllers.ProductsController.GetProducts (FoodShop.API)", "RequestId": "0HNLKN25SSLVP:00000001", "RequestPath": "/api/products", "ConnectionId": "0HNLKN25SSLVP", "MachineName": "DESKTOP-A8D7LM9", "ThreadId": 50}
StackExchange.Redis.RedisConnectionException: The message timed out in the backlog attempting to send because no connection became available (1000ms) - Last Connection Exception: It was not possible to connect to the redis server(s). ConnectTimeout, command=EVAL, timeout: 1000, inst: 0, qu: 0, qs: 0, aw: False, bw: CheckingForTimeout, last-in: 0, cur-in: 0, sync-ops: 0, async-ops: 22, serverEndpoint: localhost:6379, conn-sec: n/a, aoc: 0, mc: 1/1/0, mgr: 10 of 10 available, clientName: DESKTOP-A8D7LM9(SE.Redis-v2.7.33.41805), IOCP: (Busy=0,Free=1000,Min=1,Max=1000), WORKER: (Busy=3,Free=32764,Min=12,Max=32767), POOL: (Threads=9,QueuedItems=0,CompletedItems=2572,Timers=4), v: 2.7.33.41805 (Please take a look at this article for some common client-side issues that can cause timeouts: https://stackexchange.github.io/StackExchange.Redis/Timeouts)
 ---> StackExchange.Redis.RedisConnectionException: It was not possible to connect to the redis server(s). ConnectTimeout
   --- End of inner exception stack trace ---
   at StackExchange.Redis.RedisDatabase.ScriptEvaluateAsync(String script, RedisKey[] keys, RedisValue[] values, CommandFlags flags) in /_/src/StackExchange.Redis/RedisDatabase.cs:line 1551
   at Microsoft.Extensions.Caching.StackExchangeRedis.RedisCache.SetAsync(String key, Byte[] value, DistributedCacheEntryOptions options, CancellationToken token)
   at FoodShop.API.Services.RedisCacheService.SetAsync[T](String key, T value, Nullable`1 expiry) in C:\Users\Admin\Downloads\foodshop\backend\FoodShop.API\Services\CacheService.cs:line 68
[15:43:22 INF] HTTP GET /api/products responded 200 in 2988ms | User: admin {"SourceContext": "FoodShop.API.Middleware.RequestLoggingMiddleware", "RequestId": "0HNLKN25SSLVP:00000001", "RequestPath": "/api/products", "ConnectionId": "0HNLKN25SSLVP", "MachineName": "DESKTOP-A8D7LM9", "ThreadId": 50}
[15:43:24 WRN] Cache GET failed for key: products:p1:ps12:cat1:s:sort:min:max {"SourceContext": "FoodShop.API.Services.RedisCacheService", "ActionId": "102ced48-6070-4d95-aad4-8badfcdbe232", "ActionName": "FoodShop.API.Controllers.ProductsController.GetProducts (FoodShop.API)", "RequestId": "0HNLKN25SSLVQ:00000001", "RequestPath": "/api/products", "ConnectionId": "0HNLKN25SSLVQ", "MachineName": "DESKTOP-A8D7LM9", "ThreadId": 3}
StackExchange.Redis.RedisConnectionException: The message timed out in the backlog attempting to send because no connection became available (1000ms) - Last Connection Exception: It was not possible to connect to the redis server(s). ConnectTimeout, command=HMGET, timeout: 1000, inst: 0, qu: 0, qs: 0, aw: False, bw: CheckingForTimeout, rs: NotStarted, ws: Idle, in: 0, last-in: 0, cur-in: 0, sync-ops: 0, async-ops: 23, serverEndpoint: localhost:6379, conn-sec: n/a, aoc: 0, mc: 1/1/0, mgr: 10 of 10 available, clientName: DESKTOP-A8D7LM9(SE.Redis-v2.7.33.41805), IOCP: (Busy=0,Free=1000,Min=1,Max=1000), WORKER: (Busy=1,Free=32766,Min=12,Max=32767), POOL: (Threads=9,QueuedItems=0,CompletedItems=2598,Timers=5), v: 2.7.33.41805 (Please take a look at this article for some common client-side issues that can cause timeouts: https://stackexchange.github.io/StackExchange.Redis/Timeouts)
 ---> StackExchange.Redis.RedisConnectionException: It was not possible to connect to the redis server(s). ConnectTimeout
   --- End of inner exception stack trace ---
   at Microsoft.Extensions.Caching.StackExchangeRedis.RedisCache.GetAndRefreshAsync(String key, Boolean getData, CancellationToken token)
   at Microsoft.Extensions.Caching.StackExchangeRedis.RedisCache.GetAsync(String key, CancellationToken token)
   at Microsoft.Extensions.Caching.Distributed.DistributedCacheExtensions.GetStringAsync(IDistributedCache cache, String key, CancellationToken token)
   at FoodShop.API.Services.RedisCacheService.GetAsync[T](String key) in C:\Users\Admin\Downloads\foodshop\backend\FoodShop.API\Services\CacheService.cs:line 45
[15:43:26 WRN] Cache SET failed for key: products:p1:ps12:cat1:s:sort:min:max {"SourceContext": "FoodShop.API.Services.RedisCacheService", "ActionId": "102ced48-6070-4d95-aad4-8badfcdbe232", "ActionName": "FoodShop.API.Controllers.ProductsController.GetProducts (FoodShop.API)", "RequestId": "0HNLKN25SSLVQ:00000001", "RequestPath": "/api/products", "ConnectionId": "0HNLKN25SSLVQ", "MachineName": "DESKTOP-A8D7LM9", "ThreadId": 40}
StackExchange.Redis.RedisConnectionException: The message timed out in the backlog attempting to send because no connection became available (1000ms) - Last Connection Exception: It was not possible to connect to the redis server(s). ConnectTimeout, command=EVAL, timeout: 1000, inst: 0, qu: 0, qs: 0, aw: False, bw: CheckingForTimeout, last-in: 0, cur-in: 0, sync-ops: 0, async-ops: 24, serverEndpoint: localhost:6379, conn-sec: n/a, aoc: 0, mc: 1/1/0, mgr: 10 of 10 available, clientName: DESKTOP-A8D7LM9(SE.Redis-v2.7.33.41805), IOCP: (Busy=0,Free=1000,Min=1,Max=1000), WORKER: (Busy=3,Free=32764,Min=12,Max=32767), POOL: (Threads=9,QueuedItems=0,CompletedItems=2615,Timers=4), v: 2.7.33.41805 (Please take a look at this article for some common client-side issues that can cause timeouts: https://stackexchange.github.io/StackExchange.Redis/Timeouts)
 ---> StackExchange.Redis.RedisConnectionException: It was not possible to connect to the redis server(s). ConnectTimeout
   --- End of inner exception stack trace ---
   at StackExchange.Redis.RedisDatabase.ScriptEvaluateAsync(String script, RedisKey[] keys, RedisValue[] values, CommandFlags flags) in /_/src/StackExchange.Redis/RedisDatabase.cs:line 1551
   at Microsoft.Extensions.Caching.StackExchangeRedis.RedisCache.SetAsync(String key, Byte[] value, DistributedCacheEntryOptions options, CancellationToken token)
   at FoodShop.API.Services.RedisCacheService.SetAsync[T](String key, T value, Nullable`1 expiry) in C:\Users\Admin\Downloads\foodshop\backend\FoodShop.API\Services\CacheService.cs:line 68
[15:43:26 INF] HTTP GET /api/products responded 200 in 3768ms | User: admin {"SourceContext": "FoodShop.API.Middleware.RequestLoggingMiddleware", "RequestId": "0HNLKN25SSLVQ:00000001", "RequestPath": "/api/products", "ConnectionId": "0HNLKN25SSLVQ", "MachineName": "DESKTOP-A8D7LM9", "ThreadId": 40}
[15:43:32 WRN] Cache GET failed for key: products:p1:ps12:cat6:s:sort:min:max {"SourceContext": "FoodShop.API.Services.RedisCacheService", "ActionId": "102ced48-6070-4d95-aad4-8badfcdbe232", "ActionName": "FoodShop.API.Controllers.ProductsController.GetProducts (FoodShop.API)", "RequestId": "0HNLKN25SSLVR:00000001", "RequestPath": "/api/products", "ConnectionId": "0HNLKN25SSLVR", "MachineName": "DESKTOP-A8D7LM9", "ThreadId": 40}
StackExchange.Redis.RedisConnectionException: The message timed out in the backlog attempting to send because no connection became available (1000ms) - Last Connection Exception: It was not possible to connect to the redis server(s). ConnectTimeout, command=HMGET, timeout: 1000, inst: 0, qu: 0, qs: 0, aw: False, bw: CheckingForTimeout, last-in: 0, cur-in: 0, sync-ops: 0, async-ops: 25, serverEndpoint: localhost:6379, conn-sec: n/a, aoc: 0, mc: 1/1/0, mgr: 10 of 10 available, clientName: DESKTOP-A8D7LM9(SE.Redis-v2.7.33.41805), IOCP: (Busy=0,Free=1000,Min=1,Max=1000), WORKER: (Busy=3,Free=32764,Min=12,Max=32767), POOL: (Threads=9,QueuedItems=0,CompletedItems=2653,Timers=5), v: 2.7.33.41805 (Please take a look at this article for some common client-side issues that can cause timeouts: https://stackexchange.github.io/StackExchange.Redis/Timeouts)
 ---> StackExchange.Redis.RedisConnectionException: It was not possible to connect to the redis server(s). ConnectTimeout
   --- End of inner exception stack trace ---
   at Microsoft.Extensions.Caching.StackExchangeRedis.RedisCache.GetAndRefreshAsync(String key, Boolean getData, CancellationToken token)
   at Microsoft.Extensions.Caching.StackExchangeRedis.RedisCache.GetAsync(String key, CancellationToken token)
   at Microsoft.Extensions.Caching.Distributed.DistributedCacheExtensions.GetStringAsync(IDistributedCache cache, String key, CancellationToken token)
   at FoodShop.API.Services.RedisCacheService.GetAsync[T](String key) in C:\Users\Admin\Downloads\foodshop\backend\FoodShop.API\Services\CacheService.cs:line 45
[15:43:33 WRN] Cache SET failed for key: products:p1:ps12:cat6:s:sort:min:max {"SourceContext": "FoodShop.API.Services.RedisCacheService", "ActionId": "102ced48-6070-4d95-aad4-8badfcdbe232", "ActionName": "FoodShop.API.Controllers.ProductsController.GetProducts (FoodShop.API)", "RequestId": "0HNLKN25SSLVR:00000001", "RequestPath": "/api/products", "ConnectionId": "0HNLKN25SSLVR", "MachineName": "DESKTOP-A8D7LM9", "ThreadId": 3}
StackExchange.Redis.RedisConnectionException: The message timed out in the backlog attempting to send because no connection became available (1000ms) - Last Connection Exception: It was not possible to connect to the redis server(s). ConnectTimeout, command=EVAL, timeout: 1000, inst: 0, qu: 0, qs: 0, aw: False, bw: CheckingForTimeout, rs: NotStarted, ws: Initializing, in: 0, last-in: 0, cur-in: 0, sync-ops: 0, async-ops: 26, serverEndpoint: localhost:6379, conn-sec: n/a, aoc: 0, mc: 1/1/0, mgr: 10 of 10 available, clientName: DESKTOP-A8D7LM9(SE.Redis-v2.7.33.41805), IOCP: (Busy=0,Free=1000,Min=1,Max=1000), WORKER: (Busy=1,Free=32766,Min=12,Max=32767), POOL: (Threads=9,QueuedItems=0,CompletedItems=2666,Timers=7), v: 2.7.33.41805 (Please take a look at this article for some common client-side issues that can cause timeouts: https://stackexchange.github.io/StackExchange.Redis/Timeouts)
 ---> StackExchange.Redis.RedisConnectionException: It was not possible to connect to the redis server(s). ConnectTimeout
   --- End of inner exception stack trace ---
   at StackExchange.Redis.RedisDatabase.ScriptEvaluateAsync(String script, RedisKey[] keys, RedisValue[] values, CommandFlags flags) in /_/src/StackExchange.Redis/RedisDatabase.cs:line 1551
   at Microsoft.Extensions.Caching.StackExchangeRedis.RedisCache.SetAsync(String key, Byte[] value, DistributedCacheEntryOptions options, CancellationToken token)
   at FoodShop.API.Services.RedisCacheService.SetAsync[T](String key, T value, Nullable`1 expiry) in C:\Users\Admin\Downloads\foodshop\backend\FoodShop.API\Services\CacheService.cs:line 68
[15:43:33 INF] HTTP GET /api/products responded 200 in 2015ms | User: admin {"SourceContext": "FoodShop.API.Middleware.RequestLoggingMiddleware", "RequestId": "0HNLKN25SSLVR:00000001", "RequestPath": "/api/products", "ConnectionId": "0HNLKN25SSLVR", "MachineName": "DESKTOP-A8D7LM9", "ThreadId": 3}
[15:43:46 WRN] Cache GET failed for key: products:p1:ps12:cat5:s:sort:min:max {"SourceContext": "FoodShop.API.Services.RedisCacheService", "ActionId": "102ced48-6070-4d95-aad4-8badfcdbe232", "ActionName": "FoodShop.API.Controllers.ProductsController.GetProducts (FoodShop.API)", "RequestId": "0HNLKN25SSLVS:00000001", "RequestPath": "/api/products", "ConnectionId": "0HNLKN25SSLVS", "MachineName": "DESKTOP-A8D7LM9", "ThreadId": 14}
StackExchange.Redis.RedisConnectionException: The message timed out in the backlog attempting to send because no connection became available (1000ms) - Last Connection Exception: It was not possible to connect to the redis server(s). ConnectTimeout, command=HMGET, timeout: 1000, inst: 0, qu: 0, qs: 0, aw: False, bw: CheckingForTimeout, last-in: 0, cur-in: 0, sync-ops: 0, async-ops: 27, serverEndpoint: localhost:6379, conn-sec: n/a, aoc: 0, mc: 1/1/0, mgr: 10 of 10 available, clientName: DESKTOP-A8D7LM9(SE.Redis-v2.7.33.41805), IOCP: (Busy=0,Free=1000,Min=1,Max=1000), WORKER: (Busy=3,Free=32764,Min=12,Max=32767), POOL: (Threads=6,QueuedItems=1,CompletedItems=2745,Timers=4), v: 2.7.33.41805 (Please take a look at this article for some common client-side issues that can cause timeouts: https://stackexchange.github.io/StackExchange.Redis/Timeouts)
 ---> StackExchange.Redis.RedisConnectionException: It was not possible to connect to the redis server(s). ConnectTimeout
   --- End of inner exception stack trace ---
   at Microsoft.Extensions.Caching.StackExchangeRedis.RedisCache.GetAndRefreshAsync(String key, Boolean getData, CancellationToken token)
   at Microsoft.Extensions.Caching.StackExchangeRedis.RedisCache.GetAsync(String key, CancellationToken token)
   at Microsoft.Extensions.Caching.Distributed.DistributedCacheExtensions.GetStringAsync(IDistributedCache cache, String key, CancellationToken token)
   at FoodShop.API.Services.RedisCacheService.GetAsync[T](String key) in C:\Users\Admin\Downloads\foodshop\backend\FoodShop.API\Services\CacheService.cs:line 45
[15:43:48 WRN] Cache SET failed for key: products:p1:ps12:cat5:s:sort:min:max {"SourceContext": "FoodShop.API.Services.RedisCacheService", "ActionId": "102ced48-6070-4d95-aad4-8badfcdbe232", "ActionName": "FoodShop.API.Controllers.ProductsController.GetProducts (FoodShop.API)", "RequestId": "0HNLKN25SSLVS:00000001", "RequestPath": "/api/products", "ConnectionId": "0HNLKN25SSLVS", "MachineName": "DESKTOP-A8D7LM9", "ThreadId": 14}
StackExchange.Redis.RedisConnectionException: The message timed out in the backlog attempting to send because no connection became available (1000ms) - Last Connection Exception: It was not possible to connect to the redis server(s). ConnectTimeout, command=EVAL, timeout: 1000, inst: 0, qu: 0, qs: 0, aw: False, bw: CheckingForTimeout, last-in: 0, cur-in: 0, sync-ops: 0, async-ops: 28, serverEndpoint: localhost:6379, conn-sec: n/a, aoc: 0, mc: 1/1/0, mgr: 10 of 10 available, clientName: DESKTOP-A8D7LM9(SE.Redis-v2.7.33.41805), IOCP: (Busy=0,Free=1000,Min=1,Max=1000), WORKER: (Busy=3,Free=32764,Min=12,Max=32767), POOL: (Threads=6,QueuedItems=0,CompletedItems=2761,Timers=5), v: 2.7.33.41805 (Please take a look at this article for some common client-side issues that can cause timeouts: https://stackexchange.github.io/StackExchange.Redis/Timeouts)
 ---> StackExchange.Redis.RedisConnectionException: It was not possible to connect to the redis server(s). ConnectTimeout
   --- End of inner exception stack trace ---
   at StackExchange.Redis.RedisDatabase.ScriptEvaluateAsync(String script, RedisKey[] keys, RedisValue[] values, CommandFlags flags) in /_/src/StackExchange.Redis/RedisDatabase.cs:line 1551
   at Microsoft.Extensions.Caching.StackExchangeRedis.RedisCache.SetAsync(String key, Byte[] value, DistributedCacheEntryOptions options, CancellationToken token)
   at FoodShop.API.Services.RedisCacheService.SetAsync[T](String key, T value, Nullable`1 expiry) in C:\Users\Admin\Downloads\foodshop\backend\FoodShop.API\Services\CacheService.cs:line 68
[15:43:48 INF] HTTP GET /api/products responded 200 in 3175ms | User: admin {"SourceContext": "FoodShop.API.Middleware.RequestLoggingMiddleware", "RequestId": "0HNLKN25SSLVS:00000001", "RequestPath": "/api/products", "ConnectionId": "0HNLKN25SSLVS", "MachineName": "DESKTOP-A8D7LM9", "ThreadId": 14}
[15:44:10 INF] HTTP GET /api/cart responded 200 in 32ms | User: admin {"SourceContext": "FoodShop.API.Middleware.RequestLoggingMiddleware", "RequestId": "0HNLKN25SSLVV:00000001", "RequestPath": "/api/cart", "ConnectionId": "0HNLKN25SSLVV", "MachineName": "DESKTOP-A8D7LM9", "ThreadId": 40}
[15:44:10 INF] HTTP GET /api/cart responded 200 in 9ms | User: admin {"SourceContext": "FoodShop.API.Middleware.RequestLoggingMiddleware", "RequestId": "0HNLKN25SSM00:00000001", "RequestPath": "/api/cart", "ConnectionId": "0HNLKN25SSM00", "MachineName": "DESKTOP-A8D7LM9", "ThreadId": 14}
[15:44:11 WRN] Cache GET failed for key: categories {"SourceContext": "FoodShop.API.Services.RedisCacheService", "ActionId": "0a5dddfd-644d-49d5-b0fd-b1d995f11084", "ActionName": "FoodShop.API.Controllers.CategoriesController.GetCategories (FoodShop.API)", "RequestId": "0HNLKN25SSLVT:00000001", "RequestPath": "/api/categories", "ConnectionId": "0HNLKN25SSLVT", "MachineName": "DESKTOP-A8D7LM9", "ThreadId": 41}
StackExchange.Redis.RedisConnectionException: The message timed out in the backlog attempting to send because no connection became available (1000ms) - Last Connection Exception: It was not possible to connect to the redis server(s). ConnectTimeout, command=HMGET, timeout: 1000, inst: 0, qu: 1, qs: 0, aw: False, bw: CheckingForTimeout, rs: NotStarted, ws: Initializing, in: 0, last-in: 0, cur-in: 0, sync-ops: 0, async-ops: 30, serverEndpoint: localhost:6379, conn-sec: n/a, aoc: 0, mc: 1/1/0, mgr: 10 of 10 available, clientName: DESKTOP-A8D7LM9(SE.Redis-v2.7.33.41805), IOCP: (Busy=0,Free=1000,Min=1,Max=1000), WORKER: (Busy=1,Free=32766,Min=12,Max=32767), POOL: (Threads=6,QueuedItems=0,CompletedItems=2925,Timers=6), v: 2.7.33.41805 (Please take a look at this article for some common client-side issues that can cause timeouts: https://stackexchange.github.io/StackExchange.Redis/Timeouts)
 ---> StackExchange.Redis.RedisConnectionException: It was not possible to connect to the redis server(s). ConnectTimeout
   --- End of inner exception stack trace ---
   at Microsoft.Extensions.Caching.StackExchangeRedis.RedisCache.GetAndRefreshAsync(String key, Boolean getData, CancellationToken token)
   at Microsoft.Extensions.Caching.StackExchangeRedis.RedisCache.GetAsync(String key, CancellationToken token)
   at Microsoft.Extensions.Caching.Distributed.DistributedCacheExtensions.GetStringAsync(IDistributedCache cache, String key, CancellationToken token)
   at FoodShop.API.Services.RedisCacheService.GetAsync[T](String key) in C:\Users\Admin\Downloads\foodshop\backend\FoodShop.API\Services\CacheService.cs:line 45
[15:44:11 WRN] Cache GET failed for key: products:p1:ps12:cat:s:sort:min:max {"SourceContext": "FoodShop.API.Services.RedisCacheService", "ActionId": "102ced48-6070-4d95-aad4-8badfcdbe232", "ActionName": "FoodShop.API.Controllers.ProductsController.GetProducts (FoodShop.API)", "RequestId": "0HNLKN25SSLVU:00000001", "RequestPath": "/api/products", "ConnectionId": "0HNLKN25SSLVU", "MachineName": "DESKTOP-A8D7LM9", "ThreadId": 40}
StackExchange.Redis.RedisConnectionException: The message timed out in the backlog attempting to send because no connection became available (1000ms) - Last Connection Exception: It was not possible to connect to the redis server(s). ConnectTimeout, command=HMGET, timeout: 1000, inst: 0, qu: 0, qs: 0, aw: False, bw: CheckingForTimeout, rs: NotStarted, ws: Initializing, in: 0, last-in: 0, cur-in: 0, sync-ops: 0, async-ops: 30, serverEndpoint: localhost:6379, conn-sec: n/a, aoc: 0, mc: 1/1/0, mgr: 10 of 10 available, clientName: DESKTOP-A8D7LM9(SE.Redis-v2.7.33.41805), IOCP: (Busy=0,Free=1000,Min=1,Max=1000), WORKER: (Busy=3,Free=32764,Min=12,Max=32767), POOL: (Threads=6,QueuedItems=0,CompletedItems=2925,Timers=6), v: 2.7.33.41805 (Please take a look at this article for some common client-side issues that can cause timeouts: https://stackexchange.github.io/StackExchange.Redis/Timeouts)
 ---> StackExchange.Redis.RedisConnectionException: It was not possible to connect to the redis server(s). ConnectTimeout
   --- End of inner exception stack trace ---
   at Microsoft.Extensions.Caching.StackExchangeRedis.RedisCache.GetAndRefreshAsync(String key, Boolean getData, CancellationToken token)
   at Microsoft.Extensions.Caching.StackExchangeRedis.RedisCache.GetAsync(String key, CancellationToken token)
   at Microsoft.Extensions.Caching.Distributed.DistributedCacheExtensions.GetStringAsync(IDistributedCache cache, String key, CancellationToken token)
   at FoodShop.API.Services.RedisCacheService.GetAsync[T](String key) in C:\Users\Admin\Downloads\foodshop\backend\FoodShop.API\Services\CacheService.cs:line 45
[15:44:13 WRN] Cache SET failed for key: products:p1:ps12:cat:s:sort:min:max {"SourceContext": "FoodShop.API.Services.RedisCacheService", "ActionId": "102ced48-6070-4d95-aad4-8badfcdbe232", "ActionName": "FoodShop.API.Controllers.ProductsController.GetProducts (FoodShop.API)", "RequestId": "0HNLKN25SSLVU:00000001", "RequestPath": "/api/products", "ConnectionId": "0HNLKN25SSLVU", "MachineName": "DESKTOP-A8D7LM9", "ThreadId": 14}
StackExchange.Redis.RedisConnectionException: The message timed out in the backlog attempting to send because no connection became available (1000ms) - Last Connection Exception: It was not possible to connect to the redis server(s). ConnectTimeout, command=EVAL, timeout: 1000, inst: 0, qu: 0, qs: 0, aw: False, bw: CheckingForTimeout, rs: NotStarted, ws: Initializing, in: 0, last-in: 0, cur-in: 0, sync-ops: 0, async-ops: 32, serverEndpoint: localhost:6379, conn-sec: n/a, aoc: 0, mc: 1/1/0, mgr: 10 of 10 available, clientName: DESKTOP-A8D7LM9(SE.Redis-v2.7.33.41805), IOCP: (Busy=0,Free=1000,Min=1,Max=1000), WORKER: (Busy=3,Free=32764,Min=12,Max=32767), POOL: (Threads=6,QueuedItems=0,CompletedItems=2948,Timers=5), v: 2.7.33.41805 (Please take a look at this article for some common client-side issues that can cause timeouts: https://stackexchange.github.io/StackExchange.Redis/Timeouts)
 ---> StackExchange.Redis.RedisConnectionException: It was not possible to connect to the redis server(s). ConnectTimeout
   --- End of inner exception stack trace ---
   at StackExchange.Redis.RedisDatabase.ScriptEvaluateAsync(String script, RedisKey[] keys, RedisValue[] values, CommandFlags flags) in /_/src/StackExchange.Redis/RedisDatabase.cs:line 1551
   at Microsoft.Extensions.Caching.StackExchangeRedis.RedisCache.SetAsync(String key, Byte[] value, DistributedCacheEntryOptions options, CancellationToken token)
   at FoodShop.API.Services.RedisCacheService.SetAsync[T](String key, T value, Nullable`1 expiry) in C:\Users\Admin\Downloads\foodshop\backend\FoodShop.API\Services\CacheService.cs:line 68
[15:44:13 WRN] Cache SET failed for key: categories {"SourceContext": "FoodShop.API.Services.RedisCacheService", "ActionId": "0a5dddfd-644d-49d5-b0fd-b1d995f11084", "ActionName": "FoodShop.API.Controllers.CategoriesController.GetCategories (FoodShop.API)", "RequestId": "0HNLKN25SSLVT:00000001", "RequestPath": "/api/categories", "ConnectionId": "0HNLKN25SSLVT", "MachineName": "DESKTOP-A8D7LM9", "ThreadId": 3}
StackExchange.Redis.RedisConnectionException: The message timed out in the backlog attempting to send because no connection became available (1000ms) - Last Connection Exception: It was not possible to connect to the redis server(s). ConnectTimeout, command=EVAL, timeout: 1000, inst: 0, qu: 1, qs: 0, aw: False, bw: CheckingForTimeout, rs: NotStarted, ws: Initializing, in: 0, last-in: 0, cur-in: 0, sync-ops: 0, async-ops: 32, serverEndpoint: localhost:6379, conn-sec: n/a, aoc: 0, mc: 1/1/0, mgr: 10 of 10 available, clientName: DESKTOP-A8D7LM9(SE.Redis-v2.7.33.41805), IOCP: (Busy=0,Free=1000,Min=1,Max=1000), WORKER: (Busy=1,Free=32766,Min=12,Max=32767), POOL: (Threads=6,QueuedItems=0,CompletedItems=2948,Timers=5), v: 2.7.33.41805 (Please take a look at this article for some common client-side issues that can cause timeouts: https://stackexchange.github.io/StackExchange.Redis/Timeouts)
 ---> StackExchange.Redis.RedisConnectionException: It was not possible to connect to the redis server(s). ConnectTimeout
   --- End of inner exception stack trace ---
   at StackExchange.Redis.RedisDatabase.ScriptEvaluateAsync(String script, RedisKey[] keys, RedisValue[] values, CommandFlags flags) in /_/src/StackExchange.Redis/RedisDatabase.cs:line 1551
   at Microsoft.Extensions.Caching.StackExchangeRedis.RedisCache.SetAsync(String key, Byte[] value, DistributedCacheEntryOptions options, CancellationToken token)
   at FoodShop.API.Services.RedisCacheService.SetAsync[T](String key, T value, Nullable`1 expiry) in C:\Users\Admin\Downloads\foodshop\backend\FoodShop.API\Services\CacheService.cs:line 68
[15:44:13 INF] HTTP GET /api/products responded 200 in 3237ms | User: admin {"SourceContext": "FoodShop.API.Middleware.RequestLoggingMiddleware", "RequestId": "0HNLKN25SSLVU:00000001", "RequestPath": "/api/products", "ConnectionId": "0HNLKN25SSLVU", "MachineName": "DESKTOP-A8D7LM9", "ThreadId": 14}
[15:44:13 INF] HTTP GET /api/categories responded 200 in 3243ms | User: admin {"SourceContext": "FoodShop.API.Middleware.RequestLoggingMiddleware", "RequestId": "0HNLKN25SSLVT:00000001", "RequestPath": "/api/categories", "ConnectionId": "0HNLKN25SSLVT", "MachineName": "DESKTOP-A8D7LM9", "ThreadId": 3}
[15:44:15 WRN] Cache GET failed for key: categories {"SourceContext": "FoodShop.API.Services.RedisCacheService", "ActionId": "0a5dddfd-644d-49d5-b0fd-b1d995f11084", "ActionName": "FoodShop.API.Controllers.CategoriesController.GetCategories (FoodShop.API)", "RequestId": "0HNLKN25SSM02:00000001", "RequestPath": "/api/categories", "ConnectionId": "0HNLKN25SSM02", "MachineName": "DESKTOP-A8D7LM9", "ThreadId": 14}
StackExchange.Redis.RedisConnectionException: The message timed out in the backlog attempting to send because no connection became available (1000ms) - Last Connection Exception: It was not possible to connect to the redis server(s). ConnectTimeout, command=HMGET, timeout: 1000, inst: 0, qu: 0, qs: 0, aw: False, bw: CheckingForTimeout, rs: NotStarted, ws: Initializing, in: 0, last-in: 0, cur-in: 0, sync-ops: 0, async-ops: 34, serverEndpoint: localhost:6379, conn-sec: n/a, aoc: 0, mc: 1/1/0, mgr: 10 of 10 available, clientName: DESKTOP-A8D7LM9(SE.Redis-v2.7.33.41805), IOCP: (Busy=0,Free=1000,Min=1,Max=1000), WORKER: (Busy=2,Free=32765,Min=12,Max=32767), POOL: (Threads=6,QueuedItems=0,CompletedItems=2984,Timers=5), v: 2.7.33.41805 (Please take a look at this article for some common client-side issues that can cause timeouts: https://stackexchange.github.io/StackExchange.Redis/Timeouts)
 ---> StackExchange.Redis.RedisConnectionException: It was not possible to connect to the redis server(s). ConnectTimeout
   --- End of inner exception stack trace ---
   at Microsoft.Extensions.Caching.StackExchangeRedis.RedisCache.GetAndRefreshAsync(String key, Boolean getData, CancellationToken token)
   at Microsoft.Extensions.Caching.StackExchangeRedis.RedisCache.GetAsync(String key, CancellationToken token)
   at Microsoft.Extensions.Caching.Distributed.DistributedCacheExtensions.GetStringAsync(IDistributedCache cache, String key, CancellationToken token)
   at FoodShop.API.Services.RedisCacheService.GetAsync[T](String key) in C:\Users\Admin\Downloads\foodshop\backend\FoodShop.API\Services\CacheService.cs:line 45
[15:44:15 WRN] Cache GET failed for key: products:p1:ps12:cat:s:sort:min:max {"SourceContext": "FoodShop.API.Services.RedisCacheService", "ActionId": "102ced48-6070-4d95-aad4-8badfcdbe232", "ActionName": "FoodShop.API.Controllers.ProductsController.GetProducts (FoodShop.API)", "RequestId": "0HNLKN25SSM01:00000001", "RequestPath": "/api/products", "ConnectionId": "0HNLKN25SSM01", "MachineName": "DESKTOP-A8D7LM9", "ThreadId": 41}
StackExchange.Redis.RedisConnectionException: The message timed out in the backlog attempting to send because no connection became available (1000ms) - Last Connection Exception: It was not possible to connect to the redis server(s). ConnectTimeout, command=HMGET, timeout: 1000, inst: 0, qu: 1, qs: 0, aw: False, bw: CheckingForTimeout, rs: NotStarted, ws: Initializing, in: 0, last-in: 0, cur-in: 0, sync-ops: 0, async-ops: 34, serverEndpoint: localhost:6379, conn-sec: n/a, aoc: 0, mc: 1/1/0, mgr: 10 of 10 available, clientName: DESKTOP-A8D7LM9(SE.Redis-v2.7.33.41805), IOCP: (Busy=0,Free=1000,Min=1,Max=1000), WORKER: (Busy=1,Free=32766,Min=12,Max=32767), POOL: (Threads=6,QueuedItems=0,CompletedItems=2984,Timers=5), v: 2.7.33.41805 (Please take a look at this article for some common client-side issues that can cause timeouts: https://stackexchange.github.io/StackExchange.Redis/Timeouts)
 ---> StackExchange.Redis.RedisConnectionException: It was not possible to connect to the redis server(s). ConnectTimeout
   --- End of inner exception stack trace ---
   at Microsoft.Extensions.Caching.StackExchangeRedis.RedisCache.GetAndRefreshAsync(String key, Boolean getData, CancellationToken token)
   at Microsoft.Extensions.Caching.StackExchangeRedis.RedisCache.GetAsync(String key, CancellationToken token)
   at Microsoft.Extensions.Caching.Distributed.DistributedCacheExtensions.GetStringAsync(IDistributedCache cache, String key, CancellationToken token)
   at FoodShop.API.Services.RedisCacheService.GetAsync[T](String key) in C:\Users\Admin\Downloads\foodshop\backend\FoodShop.API\Services\CacheService.cs:line 45
[15:44:17 WRN] Cache SET failed for key: products:p1:ps12:cat:s:sort:min:max {"SourceContext": "FoodShop.API.Services.RedisCacheService", "ActionId": "102ced48-6070-4d95-aad4-8badfcdbe232", "ActionName": "FoodShop.API.Controllers.ProductsController.GetProducts (FoodShop.API)", "RequestId": "0HNLKN25SSM01:00000001", "RequestPath": "/api/products", "ConnectionId": "0HNLKN25SSM01", "MachineName": "DESKTOP-A8D7LM9", "ThreadId": 41}
StackExchange.Redis.RedisConnectionException: The message timed out in the backlog attempting to send because no connection became available (1000ms) - Last Connection Exception: It was not possible to connect to the redis server(s). ConnectTimeout, command=EVAL, timeout: 1000, inst: 0, qu: 0, qs: 0, aw: False, bw: CheckingForTimeout, rs: NotStarted, ws: Initializing, in: 0, last-in: 0, cur-in: 0, sync-ops: 0, async-ops: 36, serverEndpoint: localhost:6379, conn-sec: n/a, aoc: 0, mc: 1/1/0, mgr: 10 of 10 available, clientName: DESKTOP-A8D7LM9(SE.Redis-v2.7.33.41805), IOCP: (Busy=0,Free=1000,Min=1,Max=1000), WORKER: (Busy=3,Free=32764,Min=12,Max=32767), POOL: (Threads=6,QueuedItems=3,CompletedItems=2999,Timers=6), v: 2.7.33.41805 (Please take a look at this article for some common client-side issues that can cause timeouts: https://stackexchange.github.io/StackExchange.Redis/Timeouts)
 ---> StackExchange.Redis.RedisConnectionException: It was not possible to connect to the redis server(s). ConnectTimeout
   --- End of inner exception stack trace ---
   at StackExchange.Redis.RedisDatabase.ScriptEvaluateAsync(String script, RedisKey[] keys, RedisValue[] values, CommandFlags flags) in /_/src/StackExchange.Redis/RedisDatabase.cs:line 1551
   at Microsoft.Extensions.Caching.StackExchangeRedis.RedisCache.SetAsync(String key, Byte[] value, DistributedCacheEntryOptions options, CancellationToken token)
   at FoodShop.API.Services.RedisCacheService.SetAsync[T](String key, T value, Nullable`1 expiry) in C:\Users\Admin\Downloads\foodshop\backend\FoodShop.API\Services\CacheService.cs:line 68
[15:44:17 WRN] Cache SET failed for key: categories {"SourceContext": "FoodShop.API.Services.RedisCacheService", "ActionId": "0a5dddfd-644d-49d5-b0fd-b1d995f11084", "ActionName": "FoodShop.API.Controllers.CategoriesController.GetCategories (FoodShop.API)", "RequestId": "0HNLKN25SSM02:00000001", "RequestPath": "/api/categories", "ConnectionId": "0HNLKN25SSM02", "MachineName": "DESKTOP-A8D7LM9", "ThreadId": 40}
StackExchange.Redis.RedisConnectionException: The message timed out in the backlog attempting to send because no connection became available (1000ms) - Last Connection Exception: It was not possible to connect to the redis server(s). ConnectTimeout, command=EVAL, timeout: 1000, inst: 0, qu: 1, qs: 0, aw: False, bw: CheckingForTimeout, rs: NotStarted, ws: Initializing, in: 0, last-in: 0, cur-in: 0, sync-ops: 0, async-ops: 36, serverEndpoint: localhost:6379, conn-sec: n/a, aoc: 0, mc: 1/1/0, mgr: 10 of 10 available, clientName: DESKTOP-A8D7LM9(SE.Redis-v2.7.33.41805), IOCP: (Busy=0,Free=1000,Min=1,Max=1000), WORKER: (Busy=3,Free=32764,Min=12,Max=32767), POOL: (Threads=6,QueuedItems=1,CompletedItems=2999,Timers=6), v: 2.7.33.41805 (Please take a look at this article for some common client-side issues that can cause timeouts: https://stackexchange.github.io/StackExchange.Redis/Timeouts)
 ---> StackExchange.Redis.RedisConnectionException: It was not possible to connect to the redis server(s). ConnectTimeout
   --- End of inner exception stack trace ---
   at StackExchange.Redis.RedisDatabase.ScriptEvaluateAsync(String script, RedisKey[] keys, RedisValue[] values, CommandFlags flags) in /_/src/StackExchange.Redis/RedisDatabase.cs:line 1551
   at Microsoft.Extensions.Caching.StackExchangeRedis.RedisCache.SetAsync(String key, Byte[] value, DistributedCacheEntryOptions options, CancellationToken token)
   at FoodShop.API.Services.RedisCacheService.SetAsync[T](String key, T value, Nullable`1 expiry) in C:\Users\Admin\Downloads\foodshop\backend\FoodShop.API\Services\CacheService.cs:line 68
[15:44:17 INF] HTTP GET /api/products responded 200 in 3980ms | User: admin {"SourceContext": "FoodShop.API.Middleware.RequestLoggingMiddleware", "RequestId": "0HNLKN25SSM01:00000001", "RequestPath": "/api/products", "ConnectionId": "0HNLKN25SSM01", "MachineName": "DESKTOP-A8D7LM9", "ThreadId": 41}
[15:44:17 INF] HTTP GET /api/categories responded 200 in 3972ms | User: admin {"SourceContext": "FoodShop.API.Middleware.RequestLoggingMiddleware", "RequestId": "0HNLKN25SSM02:00000001", "RequestPath": "/api/categories", "ConnectionId": "0HNLKN25SSM02", "MachineName": "DESKTOP-A8D7LM9", "ThreadId": 40}
[15:44:19 WRN] Cache GET failed for key: products:p1:ps12:cat:s:sort:min:max {"SourceContext": "FoodShop.API.Services.RedisCacheService", "ActionId": "102ced48-6070-4d95-aad4-8badfcdbe232", "ActionName": "FoodShop.API.Controllers.ProductsController.GetProducts (FoodShop.API)", "RequestId": "0HNLKN25SSM03:00000001", "RequestPath": "/api/products", "ConnectionId": "0HNLKN25SSM03", "MachineName": "DESKTOP-A8D7LM9", "ThreadId": 3}
StackExchange.Redis.RedisConnectionException: The message timed out in the backlog attempting to send because no connection became available (1000ms) - Last Connection Exception: It was not possible to connect to the redis server(s). ConnectTimeout, command=HMGET, timeout: 1000, inst: 0, qu: 0, qs: 0, aw: False, bw: CheckingForTimeout, rs: NotStarted, ws: Initializing, in: 0, last-in: 0, cur-in: 0, sync-ops: 0, async-ops: 37, serverEndpoint: localhost:6379, conn-sec: n/a, aoc: 0, mc: 1/1/0, mgr: 10 of 10 available, clientName: DESKTOP-A8D7LM9(SE.Redis-v2.7.33.41805), IOCP: (Busy=0,Free=1000,Min=1,Max=1000), WORKER: (Busy=1,Free=32766,Min=12,Max=32767), POOL: (Threads=6,QueuedItems=0,CompletedItems=3031,Timers=5), v: 2.7.33.41805 (Please take a look at this article for some common client-side issues that can cause timeouts: https://stackexchange.github.io/StackExchange.Redis/Timeouts)
 ---> StackExchange.Redis.RedisConnectionException: It was not possible to connect to the redis server(s). ConnectTimeout
   --- End of inner exception stack trace ---
   at Microsoft.Extensions.Caching.StackExchangeRedis.RedisCache.GetAndRefreshAsync(String key, Boolean getData, CancellationToken token)
   at Microsoft.Extensions.Caching.StackExchangeRedis.RedisCache.GetAsync(String key, CancellationToken token)
   at Microsoft.Extensions.Caching.Distributed.DistributedCacheExtensions.GetStringAsync(IDistributedCache cache, String key, CancellationToken token)
   at FoodShop.API.Services.RedisCacheService.GetAsync[T](String key) in C:\Users\Admin\Downloads\foodshop\backend\FoodShop.API\Services\CacheService.cs:line 45
[15:44:21 WRN] Cache SET failed for key: products:p1:ps12:cat:s:sort:min:max {"SourceContext": "FoodShop.API.Services.RedisCacheService", "ActionId": "102ced48-6070-4d95-aad4-8badfcdbe232", "ActionName": "FoodShop.API.Controllers.ProductsController.GetProducts (FoodShop.API)", "RequestId": "0HNLKN25SSM03:00000001", "RequestPath": "/api/products", "ConnectionId": "0HNLKN25SSM03", "MachineName": "DESKTOP-A8D7LM9", "ThreadId": 3}
StackExchange.Redis.RedisConnectionException: The message timed out in the backlog attempting to send because no connection became available (1000ms) - Last Connection Exception: It was not possible to connect to the redis server(s). ConnectTimeout, command=EVAL, timeout: 1000, inst: 0, qu: 0, qs: 0, aw: False, bw: CheckingForTimeout, rs: NotStarted, ws: Initializing, in: 0, last-in: 0, cur-in: 0, sync-ops: 0, async-ops: 38, serverEndpoint: localhost:6379, conn-sec: n/a, aoc: 0, mc: 1/1/0, mgr: 10 of 10 available, clientName: DESKTOP-A8D7LM9(SE.Redis-v2.7.33.41805), IOCP: (Busy=0,Free=1000,Min=1,Max=1000), WORKER: (Busy=1,Free=32766,Min=12,Max=32767), POOL: (Threads=6,QueuedItems=0,CompletedItems=3048,Timers=6), v: 2.7.33.41805 (Please take a look at this article for some common client-side issues that can cause timeouts: https://stackexchange.github.io/StackExchange.Redis/Timeouts)
 ---> StackExchange.Redis.RedisConnectionException: It was not possible to connect to the redis server(s). ConnectTimeout
   --- End of inner exception stack trace ---
   at StackExchange.Redis.RedisDatabase.ScriptEvaluateAsync(String script, RedisKey[] keys, RedisValue[] values, CommandFlags flags) in /_/src/StackExchange.Redis/RedisDatabase.cs:line 1551
   at Microsoft.Extensions.Caching.StackExchangeRedis.RedisCache.SetAsync(String key, Byte[] value, DistributedCacheEntryOptions options, CancellationToken token)
   at FoodShop.API.Services.RedisCacheService.SetAsync[T](String key, T value, Nullable`1 expiry) in C:\Users\Admin\Downloads\foodshop\backend\FoodShop.API\Services\CacheService.cs:line 68
[15:44:21 INF] HTTP GET /api/products responded 200 in 3974ms | User: admin {"SourceContext": "FoodShop.API.Middleware.RequestLoggingMiddleware", "RequestId": "0HNLKN25SSM03:00000001", "RequestPath": "/api/products", "ConnectionId": "0HNLKN25SSM03", "MachineName": "DESKTOP-A8D7LM9", "ThreadId": 3}
