[2026-05-18 15:12:34 WRN] You do not have a valid license key for the Lucky Penny software AutoMapper. This is allowed for development and testing scenarios. If you are running in production you are required to have a licensed version. Please visit https://luckypennysoftware.com to obtain a valid license. {"SourceContext":"LuckyPennySoftware.AutoMapper.License","ActionId":"7fa34141-e5a2-4376-9070-a7ed603e3d3b","ActionName":"FoodShop.API.Controllers.CategoriesController.GetCategories (FoodShop.API)","RequestId":"0HNLKMKH3VI26:00000001","RequestPath":"/api/categories","ConnectionId":"0HNLKMKH3VI26","MachineName":"DESKTOP-A8D7LM9","ThreadId":13}
[2026-05-18 15:12:42 WRN] Cache GET failed for key: categories {"SourceContext":"FoodShop.API.Services.RedisCacheService","ActionId":"7fa34141-e5a2-4376-9070-a7ed603e3d3b","ActionName":"FoodShop.API.Controllers.CategoriesController.GetCategories (FoodShop.API)","RequestId":"0HNLKMKH3VI26:00000001","RequestPath":"/api/categories","ConnectionId":"0HNLKMKH3VI26","MachineName":"DESKTOP-A8D7LM9","ThreadId":16}
StackExchange.Redis.RedisConnectionException: The message timed out in the backlog attempting to send because no connection became available (1000ms) - Last Connection Exception: UnableToConnect on localhost:6379/Interactive, Initializing/NotStarted, last: NONE, origin: BeginConnectAsync, outstanding: 0, last-read: 3s ago, last-write: 3s ago, keep-alive: 60s, state: Connecting, mgr: 10 of 10 available, last-heartbeat: never, global: 3s ago, v: 2.7.33.41805, command=HMGET, timeout: 1000, inst: 0, qu: 0, qs: 0, aw: False, bw: CheckingForTimeout, rs: NotStarted, ws: Idle, in: 0, last-in: 0, cur-in: 0, sync-ops: 0, async-ops: 1, serverEndpoint: localhost:6379, conn-sec: n/a, aoc: 0, mc: 1/1/0, mgr: 10 of 10 available, clientName: DESKTOP-A8D7LM9(SE.Redis-v2.7.33.41805), IOCP: (Busy=0,Free=1000,Min=1,Max=1000), WORKER: (Busy=1,Free=32766,Min=12,Max=32767), POOL: (Threads=8,QueuedItems=0,CompletedItems=111,Timers=5), v: 2.7.33.41805 (Please take a look at this article for some common client-side issues that can cause timeouts: https://stackexchange.github.io/StackExchange.Redis/Timeouts)
 ---> StackExchange.Redis.RedisConnectionException: UnableToConnect on localhost:6379/Interactive, Initializing/NotStarted, last: NONE, origin: BeginConnectAsync, outstanding: 0, last-read: 3s ago, last-write: 3s ago, keep-alive: 60s, state: Connecting, mgr: 10 of 10 available, last-heartbeat: never, global: 3s ago, v: 2.7.33.41805
   --- End of inner exception stack trace ---
   at Microsoft.Extensions.Caching.StackExchangeRedis.RedisCache.GetAndRefreshAsync(String key, Boolean getData, CancellationToken token)
   at Microsoft.Extensions.Caching.StackExchangeRedis.RedisCache.GetAsync(String key, CancellationToken token)
   at Microsoft.Extensions.Caching.Distributed.DistributedCacheExtensions.GetStringAsync(IDistributedCache cache, String key, CancellationToken token)
   at FoodShop.API.Services.RedisCacheService.GetAsync[T](String key) in C:\Users\Admin\Downloads\foodshop\backend\FoodShop.API\Services\CacheService.cs:line 45
[2026-05-18 15:12:44 WRN] Cache SET failed for key: categories {"SourceContext":"FoodShop.API.Services.RedisCacheService","ActionId":"7fa34141-e5a2-4376-9070-a7ed603e3d3b","ActionName":"FoodShop.API.Controllers.CategoriesController.GetCategories (FoodShop.API)","RequestId":"0HNLKMKH3VI26:00000001","RequestPath":"/api/categories","ConnectionId":"0HNLKMKH3VI26","MachineName":"DESKTOP-A8D7LM9","ThreadId":13}
StackExchange.Redis.RedisConnectionException: The message timed out in the backlog attempting to send because no connection became available (1000ms) - Last Connection Exception: It was not possible to connect to the redis server(s). ConnectTimeout, command=EVAL, timeout: 1000, inst: 0, qu: 0, qs: 0, aw: False, bw: CheckingForTimeout, rs: NotStarted, ws: Initializing, in: 0, last-in: 0, cur-in: 0, sync-ops: 0, async-ops: 2, serverEndpoint: localhost:6379, conn-sec: n/a, aoc: 0, mc: 1/1/0, mgr: 10 of 10 available, clientName: DESKTOP-A8D7LM9(SE.Redis-v2.7.33.41805), IOCP: (Busy=0,Free=1000,Min=1,Max=1000), WORKER: (Busy=1,Free=32766,Min=12,Max=32767), POOL: (Threads=8,QueuedItems=0,CompletedItems=122,Timers=7), v: 2.7.33.41805 (Please take a look at this article for some common client-side issues that can cause timeouts: https://stackexchange.github.io/StackExchange.Redis/Timeouts)
 ---> StackExchange.Redis.RedisConnectionException: It was not possible to connect to the redis server(s). ConnectTimeout
   --- End of inner exception stack trace ---
   at StackExchange.Redis.RedisDatabase.ScriptEvaluateAsync(String script, RedisKey[] keys, RedisValue[] values, CommandFlags flags) in /_/src/StackExchange.Redis/RedisDatabase.cs:line 1551
   at Microsoft.Extensions.Caching.StackExchangeRedis.RedisCache.SetAsync(String key, Byte[] value, DistributedCacheEntryOptions options, CancellationToken token)
   at FoodShop.API.Services.RedisCacheService.SetAsync[T](String key, T value, Nullable`1 expiry) in C:\Users\Admin\Downloads\foodshop\backend\FoodShop.API\Services\CacheService.cs:line 68
[2026-05-18 15:12:44 INF] HTTP GET /api/categories responded 200 in 10458ms | User: anonymous {"SourceContext":"FoodShop.API.Middleware.RequestLoggingMiddleware","RequestId":"0HNLKMKH3VI26:00000001","RequestPath":"/api/categories","ConnectionId":"0HNLKMKH3VI26","MachineName":"DESKTOP-A8D7LM9","ThreadId":13}
[2026-05-18 15:12:46 WRN] Cache GET failed for key: products:p1:ps10:cat:s:sort:min:max {"SourceContext":"FoodShop.API.Services.RedisCacheService","ActionId":"eadb8e08-ead6-4b1e-991d-2d30d5622080","ActionName":"FoodShop.API.Controllers.ProductsController.GetProducts (FoodShop.API)","RequestId":"0HNLKMKH3VI27:00000001","RequestPath":"/api/products","ConnectionId":"0HNLKMKH3VI27","MachineName":"DESKTOP-A8D7LM9","ThreadId":6}
StackExchange.Redis.RedisConnectionException: The message timed out in the backlog attempting to send because no connection became available (1000ms) - Last Connection Exception: It was not possible to connect to the redis server(s). ConnectTimeout, command=HMGET, timeout: 1000, inst: 0, qu: 0, qs: 0, aw: False, bw: CheckingForTimeout, rs: NotStarted, ws: Initializing, in: 0, last-in: 0, cur-in: 0, sync-ops: 0, async-ops: 3, serverEndpoint: localhost:6379, conn-sec: n/a, aoc: 0, mc: 1/1/0, mgr: 10 of 10 available, clientName: DESKTOP-A8D7LM9(SE.Redis-v2.7.33.41805), IOCP: (Busy=0,Free=1000,Min=1,Max=1000), WORKER: (Busy=1,Free=32766,Min=12,Max=32767), POOL: (Threads=8,QueuedItems=0,CompletedItems=152,Timers=7), v: 2.7.33.41805 (Please take a look at this article for some common client-side issues that can cause timeouts: https://stackexchange.github.io/StackExchange.Redis/Timeouts)
 ---> StackExchange.Redis.RedisConnectionException: It was not possible to connect to the redis server(s). ConnectTimeout
   --- End of inner exception stack trace ---
   at Microsoft.Extensions.Caching.StackExchangeRedis.RedisCache.GetAndRefreshAsync(String key, Boolean getData, CancellationToken token)
   at Microsoft.Extensions.Caching.StackExchangeRedis.RedisCache.GetAsync(String key, CancellationToken token)
   at Microsoft.Extensions.Caching.Distributed.DistributedCacheExtensions.GetStringAsync(IDistributedCache cache, String key, CancellationToken token)
   at FoodShop.API.Services.RedisCacheService.GetAsync[T](String key) in C:\Users\Admin\Downloads\foodshop\backend\FoodShop.API\Services\CacheService.cs:line 45
[2026-05-18 15:12:48 WRN] Cache SET failed for key: products:p1:ps10:cat:s:sort:min:max {"SourceContext":"FoodShop.API.Services.RedisCacheService","ActionId":"eadb8e08-ead6-4b1e-991d-2d30d5622080","ActionName":"FoodShop.API.Controllers.ProductsController.GetProducts (FoodShop.API)","RequestId":"0HNLKMKH3VI27:00000001","RequestPath":"/api/products","ConnectionId":"0HNLKMKH3VI27","MachineName":"DESKTOP-A8D7LM9","ThreadId":16}
StackExchange.Redis.RedisConnectionException: The message timed out in the backlog attempting to send because no connection became available (1000ms) - Last Connection Exception: It was not possible to connect to the redis server(s). ConnectTimeout, command=EVAL, timeout: 1000, inst: 0, qu: 0, qs: 0, aw: False, bw: CheckingForTimeout, rs: NotStarted, ws: Initializing, in: 0, last-in: 0, cur-in: 0, sync-ops: 0, async-ops: 4, serverEndpoint: localhost:6379, conn-sec: n/a, aoc: 0, mc: 1/1/0, mgr: 10 of 10 available, clientName: DESKTOP-A8D7LM9(SE.Redis-v2.7.33.41805), IOCP: (Busy=0,Free=1000,Min=1,Max=1000), WORKER: (Busy=1,Free=32766,Min=12,Max=32767), POOL: (Threads=8,QueuedItems=0,CompletedItems=173,Timers=5), v: 2.7.33.41805 (Please take a look at this article for some common client-side issues that can cause timeouts: https://stackexchange.github.io/StackExchange.Redis/Timeouts)
 ---> StackExchange.Redis.RedisConnectionException: It was not possible to connect to the redis server(s). ConnectTimeout
   --- End of inner exception stack trace ---
   at StackExchange.Redis.RedisDatabase.ScriptEvaluateAsync(String script, RedisKey[] keys, RedisValue[] values, CommandFlags flags) in /_/src/StackExchange.Redis/RedisDatabase.cs:line 1551
   at Microsoft.Extensions.Caching.StackExchangeRedis.RedisCache.SetAsync(String key, Byte[] value, DistributedCacheEntryOptions options, CancellationToken token)
   at FoodShop.API.Services.RedisCacheService.SetAsync[T](String key, T value, Nullable`1 expiry) in C:\Users\Admin\Downloads\foodshop\backend\FoodShop.API\Services\CacheService.cs:line 68
[2026-05-18 15:12:48 INF] HTTP GET /api/products responded 200 in 3863ms | User: anonymous {"SourceContext":"FoodShop.API.Middleware.RequestLoggingMiddleware","RequestId":"0HNLKMKH3VI27:00000001","RequestPath":"/api/products","ConnectionId":"0HNLKMKH3VI27","MachineName":"DESKTOP-A8D7LM9","ThreadId":16}
[2026-05-18 15:12:48 INF] HTTP POST /api/auth/login responded 200 in 260ms | User: anonymous {"SourceContext":"FoodShop.API.Middleware.RequestLoggingMiddleware","RequestId":"0HNLKMKH3VI28:00000001","RequestPath":"/api/auth/login","ConnectionId":"0HNLKMKH3VI28","MachineName":"DESKTOP-A8D7LM9","ThreadId":6}
[2026-05-18 15:13:05 INF] HTTP POST /api/auth/register responded 200 in 351ms | User: anonymous {"SourceContext":"FoodShop.API.Middleware.RequestLoggingMiddleware","RequestId":"0HNLKMKH3VI29:00000001","RequestPath":"/api/auth/register","ConnectionId":"0HNLKMKH3VI29","MachineName":"DESKTOP-A8D7LM9","ThreadId":6}
[2026-05-18 15:14:02 WRN] Cache GET failed for key: categories {"SourceContext":"FoodShop.API.Services.RedisCacheService","ActionId":"7fa34141-e5a2-4376-9070-a7ed603e3d3b","ActionName":"FoodShop.API.Controllers.CategoriesController.GetCategories (FoodShop.API)","RequestId":"0HNLKMKH3VI2A:00000001","RequestPath":"/api/categories","ConnectionId":"0HNLKMKH3VI2A","MachineName":"DESKTOP-A8D7LM9","ThreadId":33}
StackExchange.Redis.RedisConnectionException: The message timed out in the backlog attempting to send because no connection became available (1000ms) - Last Connection Exception: It was not possible to connect to the redis server(s). ConnectTimeout, command=HMGET, timeout: 1000, inst: 0, qu: 0, qs: 0, aw: False, bw: CheckingForTimeout, rs: NotStarted, ws: Idle, in: 0, last-in: 0, cur-in: 0, sync-ops: 0, async-ops: 5, serverEndpoint: localhost:6379, conn-sec: n/a, aoc: 0, mc: 1/1/0, mgr: 10 of 10 available, clientName: DESKTOP-A8D7LM9(SE.Redis-v2.7.33.41805), IOCP: (Busy=0,Free=1000,Min=1,Max=1000), WORKER: (Busy=2,Free=32765,Min=12,Max=32767), POOL: (Threads=7,QueuedItems=0,CompletedItems=596,Timers=5), v: 2.7.33.41805 (Please take a look at this article for some common client-side issues that can cause timeouts: https://stackexchange.github.io/StackExchange.Redis/Timeouts)
 ---> StackExchange.Redis.RedisConnectionException: It was not possible to connect to the redis server(s). ConnectTimeout
   --- End of inner exception stack trace ---
   at Microsoft.Extensions.Caching.StackExchangeRedis.RedisCache.GetAndRefreshAsync(String key, Boolean getData, CancellationToken token)
   at Microsoft.Extensions.Caching.StackExchangeRedis.RedisCache.GetAsync(String key, CancellationToken token)
   at Microsoft.Extensions.Caching.Distributed.DistributedCacheExtensions.GetStringAsync(IDistributedCache cache, String key, CancellationToken token)
   at FoodShop.API.Services.RedisCacheService.GetAsync[T](String key) in C:\Users\Admin\Downloads\foodshop\backend\FoodShop.API\Services\CacheService.cs:line 45
[2026-05-18 15:14:04 WRN] Cache SET failed for key: categories {"SourceContext":"FoodShop.API.Services.RedisCacheService","ActionId":"7fa34141-e5a2-4376-9070-a7ed603e3d3b","ActionName":"FoodShop.API.Controllers.CategoriesController.GetCategories (FoodShop.API)","RequestId":"0HNLKMKH3VI2A:00000001","RequestPath":"/api/categories","ConnectionId":"0HNLKMKH3VI2A","MachineName":"DESKTOP-A8D7LM9","ThreadId":6}
StackExchange.Redis.RedisConnectionException: The message timed out in the backlog attempting to send because no connection became available (1000ms) - Last Connection Exception: It was not possible to connect to the redis server(s). ConnectTimeout, command=EVAL, timeout: 1000, inst: 0, qu: 0, qs: 0, aw: False, bw: CheckingForTimeout, rs: NotStarted, ws: Initializing, in: 0, last-in: 0, cur-in: 0, sync-ops: 0, async-ops: 6, serverEndpoint: localhost:6379, conn-sec: n/a, aoc: 0, mc: 1/1/0, mgr: 10 of 10 available, clientName: DESKTOP-A8D7LM9(SE.Redis-v2.7.33.41805), IOCP: (Busy=0,Free=1000,Min=1,Max=1000), WORKER: (Busy=2,Free=32765,Min=12,Max=32767), POOL: (Threads=7,QueuedItems=0,CompletedItems=610,Timers=5), v: 2.7.33.41805 (Please take a look at this article for some common client-side issues that can cause timeouts: https://stackexchange.github.io/StackExchange.Redis/Timeouts)
 ---> StackExchange.Redis.RedisConnectionException: It was not possible to connect to the redis server(s). ConnectTimeout
   --- End of inner exception stack trace ---
   at StackExchange.Redis.RedisDatabase.ScriptEvaluateAsync(String script, RedisKey[] keys, RedisValue[] values, CommandFlags flags) in /_/src/StackExchange.Redis/RedisDatabase.cs:line 1551
   at Microsoft.Extensions.Caching.StackExchangeRedis.RedisCache.SetAsync(String key, Byte[] value, DistributedCacheEntryOptions options, CancellationToken token)
   at FoodShop.API.Services.RedisCacheService.SetAsync[T](String key, T value, Nullable`1 expiry) in C:\Users\Admin\Downloads\foodshop\backend\FoodShop.API\Services\CacheService.cs:line 68
[2026-05-18 15:14:04 INF] HTTP GET /api/categories responded 200 in 3120ms | User: anonymous {"SourceContext":"FoodShop.API.Middleware.RequestLoggingMiddleware","RequestId":"0HNLKMKH3VI2A:00000001","RequestPath":"/api/categories","ConnectionId":"0HNLKMKH3VI2A","MachineName":"DESKTOP-A8D7LM9","ThreadId":6}
[2026-05-18 15:14:04 INF] HTTP POST /api/auth/login responded 200 in 129ms | User: anonymous {"SourceContext":"FoodShop.API.Middleware.RequestLoggingMiddleware","RequestId":"0HNLKMKH3VI2B:00000001","RequestPath":"/api/auth/login","ConnectionId":"0HNLKMKH3VI2B","MachineName":"DESKTOP-A8D7LM9","ThreadId":42}
[2026-05-18 15:14:04 INF] HTTP POST /api/auth/login responded 200 in 133ms | User: anonymous {"SourceContext":"FoodShop.API.Middleware.RequestLoggingMiddleware","RequestId":"0HNLKMKH3VI2C:00000001","RequestPath":"/api/auth/login","ConnectionId":"0HNLKMKH3VI2C","MachineName":"DESKTOP-A8D7LM9","ThreadId":6}
[2026-05-18 15:15:23 INF] Starting FoodShop API... {"MachineName":"DESKTOP-A8D7LM9","ThreadId":1}
