[2026-05-18 15:15:58 WRN] You do not have a valid license key for the Lucky Penny software AutoMapper. This is allowed for development and testing scenarios. If you are running in production you are required to have a licensed version. Please visit https://luckypennysoftware.com to obtain a valid license. {"SourceContext":"LuckyPennySoftware.AutoMapper.License","ActionId":"8630c859-3f96-43af-ba91-9c5637ceb603","ActionName":"FoodShop.API.Controllers.CategoriesController.GetCategories (FoodShop.API)","RequestId":"0HNLKMMHJV00B:00000001","RequestPath":"/api/categories","ConnectionId":"0HNLKMMHJV00B","MachineName":"DESKTOP-A8D7LM9","ThreadId":17}
[2026-05-18 15:16:08 WRN] Cache GET failed for key: categories {"SourceContext":"FoodShop.API.Services.RedisCacheService","ActionId":"8630c859-3f96-43af-ba91-9c5637ceb603","ActionName":"FoodShop.API.Controllers.CategoriesController.GetCategories (FoodShop.API)","RequestId":"0HNLKMMHJV00B:00000001","RequestPath":"/api/categories","ConnectionId":"0HNLKMMHJV00B","MachineName":"DESKTOP-A8D7LM9","ThreadId":16}
StackExchange.Redis.RedisConnectionException: The message timed out in the backlog attempting to send because no connection became available (1000ms) - Last Connection Exception: UnableToConnect on localhost:6379/Interactive, Initializing/NotStarted, last: NONE, origin: BeginConnectAsync, outstanding: 0, last-read: 3s ago, last-write: 3s ago, keep-alive: 60s, state: Connecting, mgr: 10 of 10 available, last-heartbeat: never, global: 3s ago, v: 2.7.33.41805, command=HMGET, timeout: 1000, inst: 0, qu: 0, qs: 0, aw: False, bw: CheckingForTimeout, rs: NotStarted, ws: Initializing, in: 0, last-in: 0, cur-in: 0, sync-ops: 0, async-ops: 1, serverEndpoint: localhost:6379, conn-sec: n/a, aoc: 0, mc: 1/1/0, mgr: 10 of 10 available, clientName: DESKTOP-A8D7LM9(SE.Redis-v2.7.33.41805), IOCP: (Busy=0,Free=1000,Min=1,Max=1000), WORKER: (Busy=1,Free=32766,Min=12,Max=32767), POOL: (Threads=7,QueuedItems=0,CompletedItems=109,Timers=5), v: 2.7.33.41805 (Please take a look at this article for some common client-side issues that can cause timeouts: https://stackexchange.github.io/StackExchange.Redis/Timeouts)
 ---> StackExchange.Redis.RedisConnectionException: UnableToConnect on localhost:6379/Interactive, Initializing/NotStarted, last: NONE, origin: BeginConnectAsync, outstanding: 0, last-read: 3s ago, last-write: 3s ago, keep-alive: 60s, state: Connecting, mgr: 10 of 10 available, last-heartbeat: never, global: 3s ago, v: 2.7.33.41805
   --- End of inner exception stack trace ---
   at Microsoft.Extensions.Caching.StackExchangeRedis.RedisCache.GetAndRefreshAsync(String key, Boolean getData, CancellationToken token)
   at Microsoft.Extensions.Caching.StackExchangeRedis.RedisCache.GetAsync(String key, CancellationToken token)
   at Microsoft.Extensions.Caching.Distributed.DistributedCacheExtensions.GetStringAsync(IDistributedCache cache, String key, CancellationToken token)
   at FoodShop.API.Services.RedisCacheService.GetAsync[T](String key) in C:\Users\Admin\Downloads\foodshop\backend\FoodShop.API\Services\CacheService.cs:line 45
[2026-05-18 15:16:10 WRN] Cache SET failed for key: categories {"SourceContext":"FoodShop.API.Services.RedisCacheService","ActionId":"8630c859-3f96-43af-ba91-9c5637ceb603","ActionName":"FoodShop.API.Controllers.CategoriesController.GetCategories (FoodShop.API)","RequestId":"0HNLKMMHJV00B:00000001","RequestPath":"/api/categories","ConnectionId":"0HNLKMMHJV00B","MachineName":"DESKTOP-A8D7LM9","ThreadId":17}
StackExchange.Redis.RedisConnectionException: The message timed out in the backlog attempting to send because no connection became available (1000ms) - Last Connection Exception: UnableToConnect on localhost:6379/Interactive, Initializing/NotStarted, last: NONE, origin: BeginConnectAsync, outstanding: 0, last-read: 3s ago, last-write: 3s ago, keep-alive: 60s, state: Connecting, mgr: 10 of 10 available, last-heartbeat: never, global: 3s ago, v: 2.7.33.41805, command=EVAL, timeout: 1000, inst: 0, qu: 0, qs: 0, aw: False, bw: CheckingForTimeout, rs: NotStarted, ws: Idle, in: 0, last-in: 0, cur-in: 0, sync-ops: 0, async-ops: 2, serverEndpoint: localhost:6379, conn-sec: n/a, aoc: 0, mc: 1/1/0, mgr: 10 of 10 available, clientName: DESKTOP-A8D7LM9(SE.Redis-v2.7.33.41805), IOCP: (Busy=0,Free=1000,Min=1,Max=1000), WORKER: (Busy=2,Free=32765,Min=12,Max=32767), POOL: (Threads=7,QueuedItems=0,CompletedItems=115,Timers=5), v: 2.7.33.41805 (Please take a look at this article for some common client-side issues that can cause timeouts: https://stackexchange.github.io/StackExchange.Redis/Timeouts)
 ---> StackExchange.Redis.RedisConnectionException: UnableToConnect on localhost:6379/Interactive, Initializing/NotStarted, last: NONE, origin: BeginConnectAsync, outstanding: 0, last-read: 3s ago, last-write: 3s ago, keep-alive: 60s, state: Connecting, mgr: 10 of 10 available, last-heartbeat: never, global: 3s ago, v: 2.7.33.41805
   --- End of inner exception stack trace ---
   at StackExchange.Redis.RedisDatabase.ScriptEvaluateAsync(String script, RedisKey[] keys, RedisValue[] values, CommandFlags flags) in /_/src/StackExchange.Redis/RedisDatabase.cs:line 1551
   at Microsoft.Extensions.Caching.StackExchangeRedis.RedisCache.SetAsync(String key, Byte[] value, DistributedCacheEntryOptions options, CancellationToken token)
   at FoodShop.API.Services.RedisCacheService.SetAsync[T](String key, T value, Nullable`1 expiry) in C:\Users\Admin\Downloads\foodshop\backend\FoodShop.API\Services\CacheService.cs:line 68
[2026-05-18 15:16:10 INF] HTTP GET /api/categories responded 200 in 12183ms | User: anonymous {"SourceContext":"FoodShop.API.Middleware.RequestLoggingMiddleware","RequestId":"0HNLKMMHJV00B:00000001","RequestPath":"/api/categories","ConnectionId":"0HNLKMMHJV00B","MachineName":"DESKTOP-A8D7LM9","ThreadId":17}
[2026-05-18 15:16:12 WRN] Cache GET failed for key: products:p1:ps2:cat:s:sort:min:max {"SourceContext":"FoodShop.API.Services.RedisCacheService","ActionId":"9a0009a0-66dc-4133-a4ba-957f9ba60b61","ActionName":"FoodShop.API.Controllers.ProductsController.GetProducts (FoodShop.API)","RequestId":"0HNLKMMHJV00C:00000001","RequestPath":"/api/products","ConnectionId":"0HNLKMMHJV00C","MachineName":"DESKTOP-A8D7LM9","ThreadId":9}
StackExchange.Redis.RedisConnectionException: The message timed out in the backlog attempting to send because no connection became available (1000ms) - Last Connection Exception: It was not possible to connect to the redis server(s). ConnectTimeout, command=HMGET, timeout: 1000, inst: 0, qu: 0, qs: 0, aw: False, bw: CheckingForTimeout, last-in: 0, cur-in: 0, sync-ops: 0, async-ops: 3, serverEndpoint: localhost:6379, conn-sec: n/a, aoc: 0, mc: 1/1/0, mgr: 10 of 10 available, clientName: DESKTOP-A8D7LM9(SE.Redis-v2.7.33.41805), IOCP: (Busy=0,Free=1000,Min=1,Max=1000), WORKER: (Busy=2,Free=32765,Min=12,Max=32767), POOL: (Threads=7,QueuedItems=0,CompletedItems=144,Timers=5), v: 2.7.33.41805 (Please take a look at this article for some common client-side issues that can cause timeouts: https://stackexchange.github.io/StackExchange.Redis/Timeouts)
 ---> StackExchange.Redis.RedisConnectionException: It was not possible to connect to the redis server(s). ConnectTimeout
   --- End of inner exception stack trace ---
   at Microsoft.Extensions.Caching.StackExchangeRedis.RedisCache.GetAndRefreshAsync(String key, Boolean getData, CancellationToken token)
   at Microsoft.Extensions.Caching.StackExchangeRedis.RedisCache.GetAsync(String key, CancellationToken token)
   at Microsoft.Extensions.Caching.Distributed.DistributedCacheExtensions.GetStringAsync(IDistributedCache cache, String key, CancellationToken token)
   at FoodShop.API.Services.RedisCacheService.GetAsync[T](String key) in C:\Users\Admin\Downloads\foodshop\backend\FoodShop.API\Services\CacheService.cs:line 45
[2026-05-18 15:16:14 WRN] Cache SET failed for key: products:p1:ps2:cat:s:sort:min:max {"SourceContext":"FoodShop.API.Services.RedisCacheService","ActionId":"9a0009a0-66dc-4133-a4ba-957f9ba60b61","ActionName":"FoodShop.API.Controllers.ProductsController.GetProducts (FoodShop.API)","RequestId":"0HNLKMMHJV00C:00000001","RequestPath":"/api/products","ConnectionId":"0HNLKMMHJV00C","MachineName":"DESKTOP-A8D7LM9","ThreadId":17}
StackExchange.Redis.RedisConnectionException: The message timed out in the backlog attempting to send because no connection became available (1000ms) - Last Connection Exception: It was not possible to connect to the redis server(s). ConnectTimeout, command=EVAL, timeout: 1000, inst: 0, qu: 0, qs: 0, aw: False, bw: CheckingForTimeout, last-in: 0, cur-in: 0, sync-ops: 0, async-ops: 4, serverEndpoint: localhost:6379, conn-sec: n/a, aoc: 0, mc: 1/1/0, mgr: 10 of 10 available, clientName: DESKTOP-A8D7LM9(SE.Redis-v2.7.33.41805), IOCP: (Busy=0,Free=1000,Min=1,Max=1000), WORKER: (Busy=2,Free=32765,Min=12,Max=32767), POOL: (Threads=7,QueuedItems=0,CompletedItems=161,Timers=5), v: 2.7.33.41805 (Please take a look at this article for some common client-side issues that can cause timeouts: https://stackexchange.github.io/StackExchange.Redis/Timeouts)
 ---> StackExchange.Redis.RedisConnectionException: It was not possible to connect to the redis server(s). ConnectTimeout
   --- End of inner exception stack trace ---
   at StackExchange.Redis.RedisDatabase.ScriptEvaluateAsync(String script, RedisKey[] keys, RedisValue[] values, CommandFlags flags) in /_/src/StackExchange.Redis/RedisDatabase.cs:line 1551
   at Microsoft.Extensions.Caching.StackExchangeRedis.RedisCache.SetAsync(String key, Byte[] value, DistributedCacheEntryOptions options, CancellationToken token)
   at FoodShop.API.Services.RedisCacheService.SetAsync[T](String key, T value, Nullable`1 expiry) in C:\Users\Admin\Downloads\foodshop\backend\FoodShop.API\Services\CacheService.cs:line 68
[2026-05-18 15:16:14 INF] HTTP GET /api/products responded 200 in 3937ms | User: anonymous {"SourceContext":"FoodShop.API.Middleware.RequestLoggingMiddleware","RequestId":"0HNLKMMHJV00C:00000001","RequestPath":"/api/products","ConnectionId":"0HNLKMMHJV00C","MachineName":"DESKTOP-A8D7LM9","ThreadId":17}
[2026-05-18 15:16:15 INF] HTTP POST /api/auth/login responded 200 in 275ms | User: anonymous {"SourceContext":"FoodShop.API.Middleware.RequestLoggingMiddleware","RequestId":"0HNLKMMHJV00D:00000001","RequestPath":"/api/auth/login","ConnectionId":"0HNLKMMHJV00D","MachineName":"DESKTOP-A8D7LM9","ThreadId":16}
[2026-05-18 15:16:15 INF] HTTP POST /api/auth/register responded 200 in 334ms | User: anonymous {"SourceContext":"FoodShop.API.Middleware.RequestLoggingMiddleware","RequestId":"0HNLKMMHJV00E:00000001","RequestPath":"/api/auth/register","ConnectionId":"0HNLKMMHJV00E","MachineName":"DESKTOP-A8D7LM9","ThreadId":9}
[2026-05-18 15:24:30 INF] HTTP POST /api/auth/login responded 200 in 497ms | User: anonymous {"SourceContext":"FoodShop.API.Middleware.RequestLoggingMiddleware","RequestId":"0HNLKMMHJV00F:00000001","RequestPath":"/api/auth/login","ConnectionId":"0HNLKMMHJV00F","MachineName":"DESKTOP-A8D7LM9","ThreadId":17}
[2026-05-18 15:24:30 ERR] Unhandled exception: Invalid credentials. {"SourceContext":"FoodShop.API.Middleware.ExceptionMiddleware","RequestId":"0HNLKMMHJV00F:00000001","RequestPath":"/api/auth/login","ConnectionId":"0HNLKMMHJV00F","MachineName":"DESKTOP-A8D7LM9","ThreadId":17}
System.UnauthorizedAccessException: Invalid credentials.
   at FoodShop.API.Services.AuthService.LoginAsync(LoginDto dto) in C:\Users\Admin\Downloads\foodshop\backend\FoodShop.API\Services\AuthService.cs:line 46
   at FoodShop.API.Controllers.AuthController.Login(LoginDto dto) in C:\Users\Admin\Downloads\foodshop\backend\FoodShop.API\Controllers\AuthController.cs:line 27
   at lambda_method127(Closure, Object)
   at Microsoft.AspNetCore.Mvc.Infrastructure.ActionMethodExecutor.AwaitableObjectResultExecutor.Execute(ActionContext actionContext, IActionResultTypeMapper mapper, ObjectMethodExecutor executor, Object controller, Object[] arguments)
   at Microsoft.AspNetCore.Mvc.Infrastructure.ControllerActionInvoker.<InvokeActionMethodAsync>g__Awaited|12_0(ControllerActionInvoker invoker, ValueTask`1 actionResultValueTask)
   at Microsoft.AspNetCore.Mvc.Infrastructure.ControllerActionInvoker.<InvokeNextActionFilterAsync>g__Awaited|10_0(ControllerActionInvoker invoker, Task lastTask, State next, Scope scope, Object state, Boolean isCompleted)
   at Microsoft.AspNetCore.Mvc.Infrastructure.ControllerActionInvoker.Rethrow(ActionExecutedContextSealed context)
   at Microsoft.AspNetCore.Mvc.Infrastructure.ControllerActionInvoker.Next(State& next, Scope& scope, Object& state, Boolean& isCompleted)
   at Microsoft.AspNetCore.Mvc.Infrastructure.ControllerActionInvoker.<InvokeInnerFilterAsync>g__Awaited|13_0(ControllerActionInvoker invoker, Task lastTask, State next, Scope scope, Object state, Boolean isCompleted)
   at Microsoft.AspNetCore.Mvc.Infrastructure.ResourceInvoker.<InvokeFilterPipelineAsync>g__Awaited|20_0(ResourceInvoker invoker, Task lastTask, State next, Scope scope, Object state, Boolean isCompleted)
   at Microsoft.AspNetCore.Mvc.Infrastructure.ResourceInvoker.<InvokeAsync>g__Awaited|17_0(ResourceInvoker invoker, Task task, IDisposable scope)
   at Microsoft.AspNetCore.Mvc.Infrastructure.ResourceInvoker.<InvokeAsync>g__Awaited|17_0(ResourceInvoker invoker, Task task, IDisposable scope)
   at Microsoft.AspNetCore.Authorization.AuthorizationMiddleware.Invoke(HttpContext context)
   at Microsoft.AspNetCore.Authentication.AuthenticationMiddleware.Invoke(HttpContext context)
   at Swashbuckle.AspNetCore.SwaggerUI.SwaggerUIMiddleware.Invoke(HttpContext httpContext)
   at Swashbuckle.AspNetCore.Swagger.SwaggerMiddleware.Invoke(HttpContext httpContext, ISwaggerProvider swaggerProvider)
   at FoodShop.API.Middleware.RequestLoggingMiddleware.InvokeAsync(HttpContext context) in C:\Users\Admin\Downloads\foodshop\backend\FoodShop.API\Middleware\RequestLoggingMiddleware.cs:line 27
   at FoodShop.API.Middleware.ExceptionMiddleware.InvokeAsync(HttpContext context) in C:\Users\Admin\Downloads\foodshop\backend\FoodShop.API\Middleware\ExceptionMiddleware.cs:line 21
[2026-05-18 15:25:02 INF] HTTP POST /api/auth/login responded 200 in 304ms | User: anonymous {"SourceContext":"FoodShop.API.Middleware.RequestLoggingMiddleware","RequestId":"0HNLKMMHJV00G:00000001","RequestPath":"/api/auth/login","ConnectionId":"0HNLKMMHJV00G","MachineName":"DESKTOP-A8D7LM9","ThreadId":38}
[2026-05-18 15:25:02 ERR] Unhandled exception: Invalid credentials. {"SourceContext":"FoodShop.API.Middleware.ExceptionMiddleware","RequestId":"0HNLKMMHJV00G:00000001","RequestPath":"/api/auth/login","ConnectionId":"0HNLKMMHJV00G","MachineName":"DESKTOP-A8D7LM9","ThreadId":38}
System.UnauthorizedAccessException: Invalid credentials.
   at FoodShop.API.Services.AuthService.LoginAsync(LoginDto dto) in C:\Users\Admin\Downloads\foodshop\backend\FoodShop.API\Services\AuthService.cs:line 46
   at FoodShop.API.Controllers.AuthController.Login(LoginDto dto) in C:\Users\Admin\Downloads\foodshop\backend\FoodShop.API\Controllers\AuthController.cs:line 27
   at lambda_method127(Closure, Object)
   at Microsoft.AspNetCore.Mvc.Infrastructure.ActionMethodExecutor.AwaitableObjectResultExecutor.Execute(ActionContext actionContext, IActionResultTypeMapper mapper, ObjectMethodExecutor executor, Object controller, Object[] arguments)
   at Microsoft.AspNetCore.Mvc.Infrastructure.ControllerActionInvoker.<InvokeActionMethodAsync>g__Awaited|12_0(ControllerActionInvoker invoker, ValueTask`1 actionResultValueTask)
   at Microsoft.AspNetCore.Mvc.Infrastructure.ControllerActionInvoker.<InvokeNextActionFilterAsync>g__Awaited|10_0(ControllerActionInvoker invoker, Task lastTask, State next, Scope scope, Object state, Boolean isCompleted)
   at Microsoft.AspNetCore.Mvc.Infrastructure.ControllerActionInvoker.Rethrow(ActionExecutedContextSealed context)
   at Microsoft.AspNetCore.Mvc.Infrastructure.ControllerActionInvoker.Next(State& next, Scope& scope, Object& state, Boolean& isCompleted)
   at Microsoft.AspNetCore.Mvc.Infrastructure.ControllerActionInvoker.<InvokeInnerFilterAsync>g__Awaited|13_0(ControllerActionInvoker invoker, Task lastTask, State next, Scope scope, Object state, Boolean isCompleted)
   at Microsoft.AspNetCore.Mvc.Infrastructure.ResourceInvoker.<InvokeFilterPipelineAsync>g__Awaited|20_0(ResourceInvoker invoker, Task lastTask, State next, Scope scope, Object state, Boolean isCompleted)
   at Microsoft.AspNetCore.Mvc.Infrastructure.ResourceInvoker.<InvokeAsync>g__Awaited|17_0(ResourceInvoker invoker, Task task, IDisposable scope)
   at Microsoft.AspNetCore.Mvc.Infrastructure.ResourceInvoker.<InvokeAsync>g__Awaited|17_0(ResourceInvoker invoker, Task task, IDisposable scope)
   at Microsoft.AspNetCore.Authorization.AuthorizationMiddleware.Invoke(HttpContext context)
   at Microsoft.AspNetCore.Authentication.AuthenticationMiddleware.Invoke(HttpContext context)
   at Swashbuckle.AspNetCore.SwaggerUI.SwaggerUIMiddleware.Invoke(HttpContext httpContext)
   at Swashbuckle.AspNetCore.Swagger.SwaggerMiddleware.Invoke(HttpContext httpContext, ISwaggerProvider swaggerProvider)
   at FoodShop.API.Middleware.RequestLoggingMiddleware.InvokeAsync(HttpContext context) in C:\Users\Admin\Downloads\foodshop\backend\FoodShop.API\Middleware\RequestLoggingMiddleware.cs:line 27
   at FoodShop.API.Middleware.ExceptionMiddleware.InvokeAsync(HttpContext context) in C:\Users\Admin\Downloads\foodshop\backend\FoodShop.API\Middleware\ExceptionMiddleware.cs:line 21
[2026-05-18 15:28:15 WRN] HTTP GET / responded 404 in 0ms | User: anonymous {"SourceContext":"FoodShop.API.Middleware.RequestLoggingMiddleware","RequestId":"0HNLKMMHJV00I:00000001","RequestPath":"/","ConnectionId":"0HNLKMMHJV00I","MachineName":"DESKTOP-A8D7LM9","ThreadId":38}
[2026-05-18 15:28:31 WRN] HTTP GET / responded 404 in 0ms | User: anonymous {"SourceContext":"FoodShop.API.Middleware.RequestLoggingMiddleware","RequestId":"0HNLKMMHJV00I:00000003","RequestPath":"/","ConnectionId":"0HNLKMMHJV00I","MachineName":"DESKTOP-A8D7LM9","ThreadId":30}
