[2026-05-18 15:56:49 WRN] HTTP GET / responded 404 in 79ms | User: anonymous {"SourceContext":"FoodShop.API.Middleware.RequestLoggingMiddleware","RequestId":"0HNLKNDIQHCIV:00000001","RequestPath":"/","ConnectionId":"0HNLKNDIQHCIV","MachineName":"DESKTOP-A8D7LM9","ThreadId":18}
[2026-05-18 15:56:55 WRN] HTTP GET / responded 404 in 3ms | User: anonymous {"SourceContext":"FoodShop.API.Middleware.RequestLoggingMiddleware","RequestId":"0HNLKNDIQHCIV:00000003","RequestPath":"/","ConnectionId":"0HNLKNDIQHCIV","MachineName":"DESKTOP-A8D7LM9","ThreadId":18}
[2026-05-18 15:56:56 WRN] HTTP GET / responded 404 in 5ms | User: anonymous {"SourceContext":"FoodShop.API.Middleware.RequestLoggingMiddleware","RequestId":"0HNLKNDIQHCIV:00000005","RequestPath":"/","ConnectionId":"0HNLKNDIQHCIV","MachineName":"DESKTOP-A8D7LM9","ThreadId":16}
[2026-05-18 15:57:49 WRN] HTTP GET / responded 404 in 0ms | User: anonymous {"SourceContext":"FoodShop.API.Middleware.RequestLoggingMiddleware","RequestId":"0HNLKNDIQHCIV:00000007","RequestPath":"/","ConnectionId":"0HNLKNDIQHCIV","MachineName":"DESKTOP-A8D7LM9","ThreadId":18}
[2026-05-18 16:00:41 INF] HTTP GET /swagger/index.html responded 200 in 126ms | User: anonymous {"SourceContext":"FoodShop.API.Middleware.RequestLoggingMiddleware","RequestId":"0HNLKNDIQHCJ0:00000001","RequestPath":"/swagger/index.html","ConnectionId":"0HNLKNDIQHCJ0","MachineName":"DESKTOP-A8D7LM9","ThreadId":3}
[2026-05-18 16:00:41 INF] HTTP GET /swagger/v1/swagger.json responded 200 in 259ms | User: anonymous {"SourceContext":"FoodShop.API.Middleware.RequestLoggingMiddleware","RequestId":"0HNLKNDIQHCJ0:00000003","RequestPath":"/swagger/v1/swagger.json","ConnectionId":"0HNLKNDIQHCJ0","MachineName":"DESKTOP-A8D7LM9","ThreadId":28}
[2026-05-18 16:00:55 INF] HTTP GET /swagger/index.html responded 200 in 0ms | User: anonymous {"SourceContext":"FoodShop.API.Middleware.RequestLoggingMiddleware","RequestId":"0HNLKNDIQHCJ0:00000005","RequestPath":"/swagger/index.html","ConnectionId":"0HNLKNDIQHCJ0","MachineName":"DESKTOP-A8D7LM9","ThreadId":24}
[2026-05-18 16:00:55 INF] HTTP GET /swagger/v1/swagger.json responded 200 in 20ms | User: anonymous {"SourceContext":"FoodShop.API.Middleware.RequestLoggingMiddleware","RequestId":"0HNLKNDIQHCJ0:00000007","RequestPath":"/swagger/v1/swagger.json","ConnectionId":"0HNLKNDIQHCJ0","MachineName":"DESKTOP-A8D7LM9","ThreadId":26}
[2026-05-18 16:01:01 INF] HTTP GET /swagger/index.html responded 200 in 1ms | User: anonymous {"SourceContext":"FoodShop.API.Middleware.RequestLoggingMiddleware","RequestId":"0HNLKNDIQHCJ0:00000009","RequestPath":"/swagger/index.html","ConnectionId":"0HNLKNDIQHCJ0","MachineName":"DESKTOP-A8D7LM9","ThreadId":26}
[2026-05-18 16:01:01 INF] HTTP GET /swagger/v1/swagger.json responded 200 in 13ms | User: anonymous {"SourceContext":"FoodShop.API.Middleware.RequestLoggingMiddleware","RequestId":"0HNLKNDIQHCJ0:0000000B","RequestPath":"/swagger/v1/swagger.json","ConnectionId":"0HNLKNDIQHCJ0","MachineName":"DESKTOP-A8D7LM9","ThreadId":28}
[2026-05-18 16:01:30 INF] HTTP POST /api/auth/login responded 200 in 831ms | User: anonymous {"SourceContext":"FoodShop.API.Middleware.RequestLoggingMiddleware","RequestId":"0HNLKNDIQHCJ1:00000001","RequestPath":"/api/auth/login","ConnectionId":"0HNLKNDIQHCJ1","MachineName":"DESKTOP-A8D7LM9","ThreadId":28}
[2026-05-18 16:01:30 WRN] You do not have a valid license key for the Lucky Penny software AutoMapper. This is allowed for development and testing scenarios. If you are running in production you are required to have a licensed version. Please visit https://luckypennysoftware.com to obtain a valid license. {"SourceContext":"LuckyPennySoftware.AutoMapper.License","ActionId":"919dbe0a-51a1-43f1-beaa-cb58921f8c4d","ActionName":"FoodShop.API.Controllers.CartController.GetCart (FoodShop.API)","RequestId":"0HNLKNDIQHCJ2:00000001","RequestPath":"/api/cart","ConnectionId":"0HNLKNDIQHCJ2","MachineName":"DESKTOP-A8D7LM9","ThreadId":24}
[2026-05-18 16:01:30 INF] HTTP GET /api/cart responded 200 in 605ms | User: admin {"SourceContext":"FoodShop.API.Middleware.RequestLoggingMiddleware","RequestId":"0HNLKNDIQHCJ2:00000001","RequestPath":"/api/cart","ConnectionId":"0HNLKNDIQHCJ2","MachineName":"DESKTOP-A8D7LM9","ThreadId":24}
[2026-05-18 16:01:58 WRN] Cache GET failed for key: categories {"SourceContext":"FoodShop.API.Services.RedisCacheService","ActionId":"8734837c-de6b-4cd8-837f-f3936e252da9","ActionName":"FoodShop.API.Controllers.CategoriesController.GetCategories (FoodShop.API)","RequestId":"0HNLKNDIQHCJ3:00000001","RequestPath":"/api/categories","ConnectionId":"0HNLKNDIQHCJ3","MachineName":"DESKTOP-A8D7LM9","ThreadId":31}
StackExchange.Redis.RedisConnectionException: The message timed out in the backlog attempting to send because no connection became available (1000ms) - Last Connection Exception: UnableToConnect on localhost:6379/Interactive, Initializing/NotStarted, last: NONE, origin: BeginConnectAsync, outstanding: 0, last-read: 3s ago, last-write: 3s ago, keep-alive: 60s, state: Connecting, mgr: 10 of 10 available, last-heartbeat: never, global: 3s ago, v: 2.7.33.41805, command=HMGET, timeout: 1000, inst: 0, qu: 1, qs: 0, aw: False, bw: CheckingForTimeout, rs: NotStarted, ws: Idle, in: 0, last-in: 0, cur-in: 0, sync-ops: 0, async-ops: 2, serverEndpoint: localhost:6379, conn-sec: n/a, aoc: 0, mc: 1/1/0, mgr: 10 of 10 available, clientName: DESKTOP-A8D7LM9(SE.Redis-v2.7.33.41805), IOCP: (Busy=0,Free=1000,Min=1,Max=1000), WORKER: (Busy=1,Free=32766,Min=12,Max=32767), POOL: (Threads=8,QueuedItems=0,CompletedItems=540,Timers=5), v: 2.7.33.41805 (Please take a look at this article for some common client-side issues that can cause timeouts: https://stackexchange.github.io/StackExchange.Redis/Timeouts)
 ---> StackExchange.Redis.RedisConnectionException: UnableToConnect on localhost:6379/Interactive, Initializing/NotStarted, last: NONE, origin: BeginConnectAsync, outstanding: 0, last-read: 3s ago, last-write: 3s ago, keep-alive: 60s, state: Connecting, mgr: 10 of 10 available, last-heartbeat: never, global: 3s ago, v: 2.7.33.41805
   --- End of inner exception stack trace ---
   at Microsoft.Extensions.Caching.StackExchangeRedis.RedisCache.GetAndRefreshAsync(String key, Boolean getData, CancellationToken token)
   at Microsoft.Extensions.Caching.StackExchangeRedis.RedisCache.GetAsync(String key, CancellationToken token)
   at Microsoft.Extensions.Caching.Distributed.DistributedCacheExtensions.GetStringAsync(IDistributedCache cache, String key, CancellationToken token)
   at FoodShop.API.Services.RedisCacheService.GetAsync[T](String key) in C:\Users\Admin\Downloads\foodshop\backend\FoodShop.API\Services\CacheService.cs:line 45
[2026-05-18 16:01:58 WRN] Cache GET failed for key: products:p1:ps12:cat:s:sort:min:max {"SourceContext":"FoodShop.API.Services.RedisCacheService","ActionId":"1caed8d4-8faf-4597-80e4-8a078dd6d365","ActionName":"FoodShop.API.Controllers.ProductsController.GetProducts (FoodShop.API)","RequestId":"0HNLKNDIQHCJ4:00000001","RequestPath":"/api/products","ConnectionId":"0HNLKNDIQHCJ4","MachineName":"DESKTOP-A8D7LM9","ThreadId":24}
StackExchange.Redis.RedisConnectionException: The message timed out in the backlog attempting to send because no connection became available (1000ms) - Last Connection Exception: UnableToConnect on localhost:6379/Interactive, Initializing/NotStarted, last: NONE, origin: BeginConnectAsync, outstanding: 0, last-read: 3s ago, last-write: 3s ago, keep-alive: 60s, state: Connecting, mgr: 10 of 10 available, last-heartbeat: never, global: 3s ago, v: 2.7.33.41805, command=HMGET, timeout: 1000, inst: 0, qu: 0, qs: 0, aw: False, bw: CheckingForTimeout, rs: NotStarted, ws: Idle, in: 0, last-in: 0, cur-in: 0, sync-ops: 0, async-ops: 2, serverEndpoint: localhost:6379, conn-sec: n/a, aoc: 0, mc: 1/1/0, mgr: 10 of 10 available, clientName: DESKTOP-A8D7LM9(SE.Redis-v2.7.33.41805), IOCP: (Busy=0,Free=1000,Min=1,Max=1000), WORKER: (Busy=2,Free=32765,Min=12,Max=32767), POOL: (Threads=8,QueuedItems=0,CompletedItems=540,Timers=5), v: 2.7.33.41805 (Please take a look at this article for some common client-side issues that can cause timeouts: https://stackexchange.github.io/StackExchange.Redis/Timeouts)
 ---> StackExchange.Redis.RedisConnectionException: UnableToConnect on localhost:6379/Interactive, Initializing/NotStarted, last: NONE, origin: BeginConnectAsync, outstanding: 0, last-read: 3s ago, last-write: 3s ago, keep-alive: 60s, state: Connecting, mgr: 10 of 10 available, last-heartbeat: never, global: 3s ago, v: 2.7.33.41805
   --- End of inner exception stack trace ---
   at Microsoft.Extensions.Caching.StackExchangeRedis.RedisCache.GetAndRefreshAsync(String key, Boolean getData, CancellationToken token)
   at Microsoft.Extensions.Caching.StackExchangeRedis.RedisCache.GetAsync(String key, CancellationToken token)
   at Microsoft.Extensions.Caching.Distributed.DistributedCacheExtensions.GetStringAsync(IDistributedCache cache, String key, CancellationToken token)
   at FoodShop.API.Services.RedisCacheService.GetAsync[T](String key) in C:\Users\Admin\Downloads\foodshop\backend\FoodShop.API\Services\CacheService.cs:line 45
[2026-05-18 16:02:00 WRN] Cache SET failed for key: products:p1:ps12:cat:s:sort:min:max {"SourceContext":"FoodShop.API.Services.RedisCacheService","ActionId":"1caed8d4-8faf-4597-80e4-8a078dd6d365","ActionName":"FoodShop.API.Controllers.ProductsController.GetProducts (FoodShop.API)","RequestId":"0HNLKNDIQHCJ4:00000001","RequestPath":"/api/products","ConnectionId":"0HNLKNDIQHCJ4","MachineName":"DESKTOP-A8D7LM9","ThreadId":31}
StackExchange.Redis.RedisConnectionException: The message timed out in the backlog attempting to send because no connection became available (1000ms) - Last Connection Exception: It was not possible to connect to the redis server(s). ConnectTimeout, command=EVAL, timeout: 1000, inst: 0, qu: 2, qs: 0, aw: False, bw: CheckingForTimeout, rs: NotStarted, ws: Initializing, in: 0, last-in: 0, cur-in: 0, sync-ops: 0, async-ops: 5, serverEndpoint: localhost:6379, conn-sec: n/a, aoc: 0, mc: 1/1/0, mgr: 10 of 10 available, clientName: DESKTOP-A8D7LM9(SE.Redis-v2.7.33.41805), IOCP: (Busy=0,Free=1000,Min=1,Max=1000), WORKER: (Busy=1,Free=32766,Min=12,Max=32767), POOL: (Threads=8,QueuedItems=0,CompletedItems=574,Timers=5), v: 2.7.33.41805 (Please take a look at this article for some common client-side issues that can cause timeouts: https://stackexchange.github.io/StackExchange.Redis/Timeouts)
 ---> StackExchange.Redis.RedisConnectionException: It was not possible to connect to the redis server(s). ConnectTimeout
   --- End of inner exception stack trace ---
   at StackExchange.Redis.RedisDatabase.ScriptEvaluateAsync(String script, RedisKey[] keys, RedisValue[] values, CommandFlags flags) in /_/src/StackExchange.Redis/RedisDatabase.cs:line 1551
   at Microsoft.Extensions.Caching.StackExchangeRedis.RedisCache.SetAsync(String key, Byte[] value, DistributedCacheEntryOptions options, CancellationToken token)
   at FoodShop.API.Services.RedisCacheService.SetAsync[T](String key, T value, Nullable`1 expiry) in C:\Users\Admin\Downloads\foodshop\backend\FoodShop.API\Services\CacheService.cs:line 68
[2026-05-18 16:02:00 WRN] Cache SET failed for key: categories {"SourceContext":"FoodShop.API.Services.RedisCacheService","ActionId":"8734837c-de6b-4cd8-837f-f3936e252da9","ActionName":"FoodShop.API.Controllers.CategoriesController.GetCategories (FoodShop.API)","RequestId":"0HNLKNDIQHCJ3:00000001","RequestPath":"/api/categories","ConnectionId":"0HNLKNDIQHCJ3","MachineName":"DESKTOP-A8D7LM9","ThreadId":29}
StackExchange.Redis.RedisConnectionException: The message timed out in the backlog attempting to send because no connection became available (1000ms) - Last Connection Exception: It was not possible to connect to the redis server(s). ConnectTimeout, command=EVAL, timeout: 1000, inst: 0, qu: 1, qs: 0, aw: False, bw: CheckingForTimeout, rs: NotStarted, ws: Initializing, in: 0, last-in: 0, cur-in: 0, sync-ops: 0, async-ops: 5, serverEndpoint: localhost:6379, conn-sec: n/a, aoc: 0, mc: 1/1/0, mgr: 10 of 10 available, clientName: DESKTOP-A8D7LM9(SE.Redis-v2.7.33.41805), IOCP: (Busy=0,Free=1000,Min=1,Max=1000), WORKER: (Busy=3,Free=32764,Min=12,Max=32767), POOL: (Threads=8,QueuedItems=0,CompletedItems=574,Timers=5), v: 2.7.33.41805 (Please take a look at this article for some common client-side issues that can cause timeouts: https://stackexchange.github.io/StackExchange.Redis/Timeouts)
 ---> StackExchange.Redis.RedisConnectionException: It was not possible to connect to the redis server(s). ConnectTimeout
   --- End of inner exception stack trace ---
   at StackExchange.Redis.RedisDatabase.ScriptEvaluateAsync(String script, RedisKey[] keys, RedisValue[] values, CommandFlags flags) in /_/src/StackExchange.Redis/RedisDatabase.cs:line 1551
   at Microsoft.Extensions.Caching.StackExchangeRedis.RedisCache.SetAsync(String key, Byte[] value, DistributedCacheEntryOptions options, CancellationToken token)
   at FoodShop.API.Services.RedisCacheService.SetAsync[T](String key, T value, Nullable`1 expiry) in C:\Users\Admin\Downloads\foodshop\backend\FoodShop.API\Services\CacheService.cs:line 68
[2026-05-18 16:02:00 INF] HTTP GET /api/products responded 200 in 10195ms | User: admin {"SourceContext":"FoodShop.API.Middleware.RequestLoggingMiddleware","RequestId":"0HNLKNDIQHCJ4:00000001","RequestPath":"/api/products","ConnectionId":"0HNLKNDIQHCJ4","MachineName":"DESKTOP-A8D7LM9","ThreadId":31}
[2026-05-18 16:02:00 INF] HTTP GET /api/categories responded 200 in 10213ms | User: admin {"SourceContext":"FoodShop.API.Middleware.RequestLoggingMiddleware","RequestId":"0HNLKNDIQHCJ3:00000001","RequestPath":"/api/categories","ConnectionId":"0HNLKNDIQHCJ3","MachineName":"DESKTOP-A8D7LM9","ThreadId":29}
[2026-05-18 16:02:01 WRN] Cache GET failed for key: products:p1:ps12:cat:s:sortprice_asc:min:max {"SourceContext":"FoodShop.API.Services.RedisCacheService","ActionId":"1caed8d4-8faf-4597-80e4-8a078dd6d365","ActionName":"FoodShop.API.Controllers.ProductsController.GetProducts (FoodShop.API)","RequestId":"0HNLKNDIQHCJ5:00000001","RequestPath":"/api/products","ConnectionId":"0HNLKNDIQHCJ5","MachineName":"DESKTOP-A8D7LM9","ThreadId":47}
StackExchange.Redis.RedisConnectionException: The message timed out in the backlog attempting to send because no connection became available (1000ms) - Last Connection Exception: It was not possible to connect to the redis server(s). ConnectTimeout, command=HMGET, timeout: 1000, inst: 0, qu: 2, qs: 0, aw: False, bw: CheckingForTimeout, last-in: 0, cur-in: 0, sync-ops: 0, async-ops: 7, serverEndpoint: localhost:6379, conn-sec: n/a, aoc: 0, mc: 1/1/0, mgr: 10 of 10 available, clientName: DESKTOP-A8D7LM9(SE.Redis-v2.7.33.41805), IOCP: (Busy=0,Free=1000,Min=1,Max=1000), WORKER: (Busy=2,Free=32765,Min=12,Max=32767), POOL: (Threads=8,QueuedItems=0,CompletedItems=604,Timers=5), v: 2.7.33.41805 (Please take a look at this article for some common client-side issues that can cause timeouts: https://stackexchange.github.io/StackExchange.Redis/Timeouts)
 ---> StackExchange.Redis.RedisConnectionException: It was not possible to connect to the redis server(s). ConnectTimeout
   --- End of inner exception stack trace ---
   at Microsoft.Extensions.Caching.StackExchangeRedis.RedisCache.GetAndRefreshAsync(String key, Boolean getData, CancellationToken token)
   at Microsoft.Extensions.Caching.StackExchangeRedis.RedisCache.GetAsync(String key, CancellationToken token)
   at Microsoft.Extensions.Caching.Distributed.DistributedCacheExtensions.GetStringAsync(IDistributedCache cache, String key, CancellationToken token)
   at FoodShop.API.Services.RedisCacheService.GetAsync[T](String key) in C:\Users\Admin\Downloads\foodshop\backend\FoodShop.API\Services\CacheService.cs:line 45
[2026-05-18 16:02:02 WRN] Cache GET failed for key: products:p1:ps12:cat:s:sort:min:max {"SourceContext":"FoodShop.API.Services.RedisCacheService","ActionId":"1caed8d4-8faf-4597-80e4-8a078dd6d365","ActionName":"FoodShop.API.Controllers.ProductsController.GetProducts (FoodShop.API)","RequestId":"0HNLKNDIQHCJ6:00000001","RequestPath":"/api/products","ConnectionId":"0HNLKNDIQHCJ6","MachineName":"DESKTOP-A8D7LM9","ThreadId":29}
StackExchange.Redis.RedisConnectionException: The message timed out in the backlog attempting to send because no connection became available (1000ms) - Last Connection Exception: It was not possible to connect to the redis server(s). ConnectTimeout, command=HMGET, timeout: 1000, inst: 0, qu: 2, qs: 0, aw: False, bw: CheckingForTimeout, rs: NotStarted, ws: Initializing, in: 0, last-in: 0, cur-in: 0, sync-ops: 0, async-ops: 8, serverEndpoint: localhost:6379, conn-sec: n/a, aoc: 0, mc: 1/1/0, mgr: 10 of 10 available, clientName: DESKTOP-A8D7LM9(SE.Redis-v2.7.33.41805), IOCP: (Busy=0,Free=1000,Min=1,Max=1000), WORKER: (Busy=1,Free=32766,Min=12,Max=32767), POOL: (Threads=8,QueuedItems=0,CompletedItems=618,Timers=7), v: 2.7.33.41805 (Please take a look at this article for some common client-side issues that can cause timeouts: https://stackexchange.github.io/StackExchange.Redis/Timeouts)
 ---> StackExchange.Redis.RedisConnectionException: It was not possible to connect to the redis server(s). ConnectTimeout
   --- End of inner exception stack trace ---
   at Microsoft.Extensions.Caching.StackExchangeRedis.RedisCache.GetAndRefreshAsync(String key, Boolean getData, CancellationToken token)
   at Microsoft.Extensions.Caching.StackExchangeRedis.RedisCache.GetAsync(String key, CancellationToken token)
   at Microsoft.Extensions.Caching.Distributed.DistributedCacheExtensions.GetStringAsync(IDistributedCache cache, String key, CancellationToken token)
   at FoodShop.API.Services.RedisCacheService.GetAsync[T](String key) in C:\Users\Admin\Downloads\foodshop\backend\FoodShop.API\Services\CacheService.cs:line 45
[2026-05-18 16:02:02 WRN] Cache GET failed for key: categories {"SourceContext":"FoodShop.API.Services.RedisCacheService","ActionId":"8734837c-de6b-4cd8-837f-f3936e252da9","ActionName":"FoodShop.API.Controllers.CategoriesController.GetCategories (FoodShop.API)","RequestId":"0HNLKNDIQHCJ7:00000001","RequestPath":"/api/categories","ConnectionId":"0HNLKNDIQHCJ7","MachineName":"DESKTOP-A8D7LM9","ThreadId":47}
StackExchange.Redis.RedisConnectionException: The message timed out in the backlog attempting to send because no connection became available (1000ms) - Last Connection Exception: It was not possible to connect to the redis server(s). ConnectTimeout, command=HMGET, timeout: 1000, inst: 0, qu: 1, qs: 0, aw: False, bw: CheckingForTimeout, rs: NotStarted, ws: Initializing, in: 0, last-in: 0, cur-in: 0, sync-ops: 0, async-ops: 8, serverEndpoint: localhost:6379, conn-sec: n/a, aoc: 0, mc: 1/1/0, mgr: 10 of 10 available, clientName: DESKTOP-A8D7LM9(SE.Redis-v2.7.33.41805), IOCP: (Busy=0,Free=1000,Min=1,Max=1000), WORKER: (Busy=2,Free=32765,Min=12,Max=32767), POOL: (Threads=8,QueuedItems=0,CompletedItems=618,Timers=7), v: 2.7.33.41805 (Please take a look at this article for some common client-side issues that can cause timeouts: https://stackexchange.github.io/StackExchange.Redis/Timeouts)
 ---> StackExchange.Redis.RedisConnectionException: It was not possible to connect to the redis server(s). ConnectTimeout
   --- End of inner exception stack trace ---
   at Microsoft.Extensions.Caching.StackExchangeRedis.RedisCache.GetAndRefreshAsync(String key, Boolean getData, CancellationToken token)
   at Microsoft.Extensions.Caching.StackExchangeRedis.RedisCache.GetAsync(String key, CancellationToken token)
   at Microsoft.Extensions.Caching.Distributed.DistributedCacheExtensions.GetStringAsync(IDistributedCache cache, String key, CancellationToken token)
   at FoodShop.API.Services.RedisCacheService.GetAsync[T](String key) in C:\Users\Admin\Downloads\foodshop\backend\FoodShop.API\Services\CacheService.cs:line 45
[2026-05-18 16:02:03 WRN] Cache SET failed for key: products:p1:ps12:cat:s:sortprice_asc:min:max {"SourceContext":"FoodShop.API.Services.RedisCacheService","ActionId":"1caed8d4-8faf-4597-80e4-8a078dd6d365","ActionName":"FoodShop.API.Controllers.ProductsController.GetProducts (FoodShop.API)","RequestId":"0HNLKNDIQHCJ5:00000001","RequestPath":"/api/products","ConnectionId":"0HNLKNDIQHCJ5","MachineName":"DESKTOP-A8D7LM9","ThreadId":47}
StackExchange.Redis.RedisConnectionException: The message timed out in the backlog attempting to send because no connection became available (1000ms) - Last Connection Exception: It was not possible to connect to the redis server(s). ConnectTimeout, command=EVAL, timeout: 1000, inst: 0, qu: 2, qs: 0, aw: False, bw: CheckingForTimeout, last-in: 0, cur-in: 0, sync-ops: 0, async-ops: 10, serverEndpoint: localhost:6379, conn-sec: n/a, aoc: 0, mc: 1/1/0, mgr: 10 of 10 available, clientName: DESKTOP-A8D7LM9(SE.Redis-v2.7.33.41805), IOCP: (Busy=0,Free=1000,Min=1,Max=1000), WORKER: (Busy=2,Free=32765,Min=12,Max=32767), POOL: (Threads=8,QueuedItems=0,CompletedItems=635,Timers=5), v: 2.7.33.41805 (Please take a look at this article for some common client-side issues that can cause timeouts: https://stackexchange.github.io/StackExchange.Redis/Timeouts)
 ---> StackExchange.Redis.RedisConnectionException: It was not possible to connect to the redis server(s). ConnectTimeout
   --- End of inner exception stack trace ---
   at StackExchange.Redis.RedisDatabase.ScriptEvaluateAsync(String script, RedisKey[] keys, RedisValue[] values, CommandFlags flags) in /_/src/StackExchange.Redis/RedisDatabase.cs:line 1551
   at Microsoft.Extensions.Caching.StackExchangeRedis.RedisCache.SetAsync(String key, Byte[] value, DistributedCacheEntryOptions options, CancellationToken token)
   at FoodShop.API.Services.RedisCacheService.SetAsync[T](String key, T value, Nullable`1 expiry) in C:\Users\Admin\Downloads\foodshop\backend\FoodShop.API\Services\CacheService.cs:line 68
[2026-05-18 16:02:03 INF] HTTP GET /api/products responded 200 in 3050ms | User: admin {"SourceContext":"FoodShop.API.Middleware.RequestLoggingMiddleware","RequestId":"0HNLKNDIQHCJ5:00000001","RequestPath":"/api/products","ConnectionId":"0HNLKNDIQHCJ5","MachineName":"DESKTOP-A8D7LM9","ThreadId":47}
[2026-05-18 16:02:04 WRN] Cache SET failed for key: products:p1:ps12:cat:s:sort:min:max {"SourceContext":"FoodShop.API.Services.RedisCacheService","ActionId":"1caed8d4-8faf-4597-80e4-8a078dd6d365","ActionName":"FoodShop.API.Controllers.ProductsController.GetProducts (FoodShop.API)","RequestId":"0HNLKNDIQHCJ6:00000001","RequestPath":"/api/products","ConnectionId":"0HNLKNDIQHCJ6","MachineName":"DESKTOP-A8D7LM9","ThreadId":31}
StackExchange.Redis.RedisConnectionException: The message timed out in the backlog attempting to send because no connection became available (1000ms) - Last Connection Exception: It was not possible to connect to the redis server(s). ConnectTimeout, command=EVAL, timeout: 1000, inst: 0, qu: 1, qs: 0, aw: False, bw: CheckingForTimeout, rs: NotStarted, ws: Initializing, in: 0, last-in: 0, cur-in: 0, sync-ops: 0, async-ops: 10, serverEndpoint: localhost:6379, conn-sec: n/a, aoc: 0, mc: 1/1/0, mgr: 10 of 10 available, clientName: DESKTOP-A8D7LM9(SE.Redis-v2.7.33.41805), IOCP: (Busy=0,Free=1000,Min=1,Max=1000), WORKER: (Busy=1,Free=32766,Min=12,Max=32767), POOL: (Threads=8,QueuedItems=0,CompletedItems=648,Timers=7), v: 2.7.33.41805 (Please take a look at this article for some common client-side issues that can cause timeouts: https://stackexchange.github.io/StackExchange.Redis/Timeouts)
 ---> StackExchange.Redis.RedisConnectionException: It was not possible to connect to the redis server(s). ConnectTimeout
   --- End of inner exception stack trace ---
   at StackExchange.Redis.RedisDatabase.ScriptEvaluateAsync(String script, RedisKey[] keys, RedisValue[] values, CommandFlags flags) in /_/src/StackExchange.Redis/RedisDatabase.cs:line 1551
   at Microsoft.Extensions.Caching.StackExchangeRedis.RedisCache.SetAsync(String key, Byte[] value, DistributedCacheEntryOptions options, CancellationToken token)
   at FoodShop.API.Services.RedisCacheService.SetAsync[T](String key, T value, Nullable`1 expiry) in C:\Users\Admin\Downloads\foodshop\backend\FoodShop.API\Services\CacheService.cs:line 68
[2026-05-18 16:02:04 WRN] Cache SET failed for key: categories {"SourceContext":"FoodShop.API.Services.RedisCacheService","ActionId":"8734837c-de6b-4cd8-837f-f3936e252da9","ActionName":"FoodShop.API.Controllers.CategoriesController.GetCategories (FoodShop.API)","RequestId":"0HNLKNDIQHCJ7:00000001","RequestPath":"/api/categories","ConnectionId":"0HNLKNDIQHCJ7","MachineName":"DESKTOP-A8D7LM9","ThreadId":47}
StackExchange.Redis.RedisConnectionException: The message timed out in the backlog attempting to send because no connection became available (1000ms) - Last Connection Exception: It was not possible to connect to the redis server(s). ConnectTimeout, command=EVAL, timeout: 1000, inst: 0, qu: 0, qs: 0, aw: False, bw: CheckingForTimeout, rs: NotStarted, ws: Initializing, in: 0, last-in: 0, cur-in: 0, sync-ops: 0, async-ops: 10, serverEndpoint: localhost:6379, conn-sec: n/a, aoc: 0, mc: 1/1/0, mgr: 10 of 10 available, clientName: DESKTOP-A8D7LM9(SE.Redis-v2.7.33.41805), IOCP: (Busy=0,Free=1000,Min=1,Max=1000), WORKER: (Busy=3,Free=32764,Min=12,Max=32767), POOL: (Threads=8,QueuedItems=0,CompletedItems=648,Timers=7), v: 2.7.33.41805 (Please take a look at this article for some common client-side issues that can cause timeouts: https://stackexchange.github.io/StackExchange.Redis/Timeouts)
 ---> StackExchange.Redis.RedisConnectionException: It was not possible to connect to the redis server(s). ConnectTimeout
   --- End of inner exception stack trace ---
   at StackExchange.Redis.RedisDatabase.ScriptEvaluateAsync(String script, RedisKey[] keys, RedisValue[] values, CommandFlags flags) in /_/src/StackExchange.Redis/RedisDatabase.cs:line 1551
   at Microsoft.Extensions.Caching.StackExchangeRedis.RedisCache.SetAsync(String key, Byte[] value, DistributedCacheEntryOptions options, CancellationToken token)
   at FoodShop.API.Services.RedisCacheService.SetAsync[T](String key, T value, Nullable`1 expiry) in C:\Users\Admin\Downloads\foodshop\backend\FoodShop.API\Services\CacheService.cs:line 68
[2026-05-18 16:02:04 INF] HTTP GET /api/products responded 200 in 3944ms | User: admin {"SourceContext":"FoodShop.API.Middleware.RequestLoggingMiddleware","RequestId":"0HNLKNDIQHCJ6:00000001","RequestPath":"/api/products","ConnectionId":"0HNLKNDIQHCJ6","MachineName":"DESKTOP-A8D7LM9","ThreadId":31}
[2026-05-18 16:02:04 INF] HTTP GET /api/categories responded 200 in 3964ms | User: admin {"SourceContext":"FoodShop.API.Middleware.RequestLoggingMiddleware","RequestId":"0HNLKNDIQHCJ7:00000001","RequestPath":"/api/categories","ConnectionId":"0HNLKNDIQHCJ7","MachineName":"DESKTOP-A8D7LM9","ThreadId":47}
[2026-05-18 16:02:06 WRN] Cache GET failed for key: products:p1:ps12:cat:s:sort:min:max {"SourceContext":"FoodShop.API.Services.RedisCacheService","ActionId":"1caed8d4-8faf-4597-80e4-8a078dd6d365","ActionName":"FoodShop.API.Controllers.ProductsController.GetProducts (FoodShop.API)","RequestId":"0HNLKNDIQHCJ8:00000001","RequestPath":"/api/products","ConnectionId":"0HNLKNDIQHCJ8","MachineName":"DESKTOP-A8D7LM9","ThreadId":31}
StackExchange.Redis.RedisConnectionException: The message timed out in the backlog attempting to send because no connection became available (1000ms) - Last Connection Exception: It was not possible to connect to the redis server(s). ConnectTimeout, command=HMGET, timeout: 1000, inst: 0, qu: 0, qs: 0, aw: False, bw: CheckingForTimeout, rs: NotStarted, ws: Initializing, in: 0, last-in: 0, cur-in: 0, sync-ops: 0, async-ops: 11, serverEndpoint: localhost:6379, conn-sec: n/a, aoc: 0, mc: 1/1/0, mgr: 10 of 10 available, clientName: DESKTOP-A8D7LM9(SE.Redis-v2.7.33.41805), IOCP: (Busy=0,Free=1000,Min=1,Max=1000), WORKER: (Busy=1,Free=32766,Min=12,Max=32767), POOL: (Threads=8,QueuedItems=0,CompletedItems=680,Timers=7), v: 2.7.33.41805 (Please take a look at this article for some common client-side issues that can cause timeouts: https://stackexchange.github.io/StackExchange.Redis/Timeouts)
 ---> StackExchange.Redis.RedisConnectionException: It was not possible to connect to the redis server(s). ConnectTimeout
   --- End of inner exception stack trace ---
   at Microsoft.Extensions.Caching.StackExchangeRedis.RedisCache.GetAndRefreshAsync(String key, Boolean getData, CancellationToken token)
   at Microsoft.Extensions.Caching.StackExchangeRedis.RedisCache.GetAsync(String key, CancellationToken token)
   at Microsoft.Extensions.Caching.Distributed.DistributedCacheExtensions.GetStringAsync(IDistributedCache cache, String key, CancellationToken token)
   at FoodShop.API.Services.RedisCacheService.GetAsync[T](String key) in C:\Users\Admin\Downloads\foodshop\backend\FoodShop.API\Services\CacheService.cs:line 45
[2026-05-18 16:02:08 WRN] Cache SET failed for key: products:p1:ps12:cat:s:sort:min:max {"SourceContext":"FoodShop.API.Services.RedisCacheService","ActionId":"1caed8d4-8faf-4597-80e4-8a078dd6d365","ActionName":"FoodShop.API.Controllers.ProductsController.GetProducts (FoodShop.API)","RequestId":"0HNLKNDIQHCJ8:00000001","RequestPath":"/api/products","ConnectionId":"0HNLKNDIQHCJ8","MachineName":"DESKTOP-A8D7LM9","ThreadId":28}
StackExchange.Redis.RedisConnectionException: The message timed out in the backlog attempting to send because no connection became available (1000ms) - Last Connection Exception: It was not possible to connect to the redis server(s). ConnectTimeout, command=EVAL, timeout: 1000, inst: 0, qu: 1, qs: 0, aw: False, bw: CheckingForTimeout, last-in: 0, cur-in: 0, sync-ops: 0, async-ops: 13, serverEndpoint: localhost:6379, conn-sec: n/a, aoc: 0, mc: 1/1/0, mgr: 10 of 10 available, clientName: DESKTOP-A8D7LM9(SE.Redis-v2.7.33.41805), IOCP: (Busy=0,Free=1000,Min=1,Max=1000), WORKER: (Busy=5,Free=32762,Min=12,Max=32767), POOL: (Threads=8,QueuedItems=0,CompletedItems=708,Timers=4), v: 2.7.33.41805 (Please take a look at this article for some common client-side issues that can cause timeouts: https://stackexchange.github.io/StackExchange.Redis/Timeouts)
 ---> StackExchange.Redis.RedisConnectionException: It was not possible to connect to the redis server(s). ConnectTimeout
   --- End of inner exception stack trace ---
   at StackExchange.Redis.RedisDatabase.ScriptEvaluateAsync(String script, RedisKey[] keys, RedisValue[] values, CommandFlags flags) in /_/src/StackExchange.Redis/RedisDatabase.cs:line 1551
   at Microsoft.Extensions.Caching.StackExchangeRedis.RedisCache.SetAsync(String key, Byte[] value, DistributedCacheEntryOptions options, CancellationToken token)
   at FoodShop.API.Services.RedisCacheService.SetAsync[T](String key, T value, Nullable`1 expiry) in C:\Users\Admin\Downloads\foodshop\backend\FoodShop.API\Services\CacheService.cs:line 68
[2026-05-18 16:02:08 WRN] Cache GET failed for key: products:p1:ps12:cat:s:sortprice_desc:min:max {"SourceContext":"FoodShop.API.Services.RedisCacheService","ActionId":"1caed8d4-8faf-4597-80e4-8a078dd6d365","ActionName":"FoodShop.API.Controllers.ProductsController.GetProducts (FoodShop.API)","RequestId":"0HNLKNDIQHCJ9:00000001","RequestPath":"/api/products","ConnectionId":"0HNLKNDIQHCJ9","MachineName":"DESKTOP-A8D7LM9","ThreadId":47}
StackExchange.Redis.RedisConnectionException: The message timed out in the backlog attempting to send because no connection became available (1000ms) - Last Connection Exception: It was not possible to connect to the redis server(s). ConnectTimeout, command=HMGET, timeout: 1000, inst: 0, qu: 0, qs: 0, aw: False, bw: CheckingForTimeout, last-in: 0, cur-in: 0, sync-ops: 0, async-ops: 13, serverEndpoint: localhost:6379, conn-sec: n/a, aoc: 0, mc: 1/1/0, mgr: 10 of 10 available, clientName: DESKTOP-A8D7LM9(SE.Redis-v2.7.33.41805), IOCP: (Busy=0,Free=1000,Min=1,Max=1000), WORKER: (Busy=5,Free=32762,Min=12,Max=32767), POOL: (Threads=8,QueuedItems=2,CompletedItems=708,Timers=4), v: 2.7.33.41805 (Please take a look at this article for some common client-side issues that can cause timeouts: https://stackexchange.github.io/StackExchange.Redis/Timeouts)
 ---> StackExchange.Redis.RedisConnectionException: It was not possible to connect to the redis server(s). ConnectTimeout
   --- End of inner exception stack trace ---
   at Microsoft.Extensions.Caching.StackExchangeRedis.RedisCache.GetAndRefreshAsync(String key, Boolean getData, CancellationToken token)
   at Microsoft.Extensions.Caching.StackExchangeRedis.RedisCache.GetAsync(String key, CancellationToken token)
   at Microsoft.Extensions.Caching.Distributed.DistributedCacheExtensions.GetStringAsync(IDistributedCache cache, String key, CancellationToken token)
   at FoodShop.API.Services.RedisCacheService.GetAsync[T](String key) in C:\Users\Admin\Downloads\foodshop\backend\FoodShop.API\Services\CacheService.cs:line 45
[2026-05-18 16:02:08 INF] HTTP GET /api/products responded 200 in 3981ms | User: admin {"SourceContext":"FoodShop.API.Middleware.RequestLoggingMiddleware","RequestId":"0HNLKNDIQHCJ8:00000001","RequestPath":"/api/products","ConnectionId":"0HNLKNDIQHCJ8","MachineName":"DESKTOP-A8D7LM9","ThreadId":28}
[2026-05-18 16:02:10 WRN] Cache SET failed for key: products:p1:ps12:cat:s:sortprice_desc:min:max {"SourceContext":"FoodShop.API.Services.RedisCacheService","ActionId":"1caed8d4-8faf-4597-80e4-8a078dd6d365","ActionName":"FoodShop.API.Controllers.ProductsController.GetProducts (FoodShop.API)","RequestId":"0HNLKNDIQHCJ9:00000001","RequestPath":"/api/products","ConnectionId":"0HNLKNDIQHCJ9","MachineName":"DESKTOP-A8D7LM9","ThreadId":31}
StackExchange.Redis.RedisConnectionException: The message timed out in the backlog attempting to send because no connection became available (1000ms) - Last Connection Exception: It was not possible to connect to the redis server(s). ConnectTimeout, command=EVAL, timeout: 1000, inst: 0, qu: 0, qs: 0, aw: False, bw: CheckingForTimeout, last-in: 0, cur-in: 0, sync-ops: 0, async-ops: 14, serverEndpoint: localhost:6379, conn-sec: n/a, aoc: 0, mc: 1/1/0, mgr: 10 of 10 available, clientName: DESKTOP-A8D7LM9(SE.Redis-v2.7.33.41805), IOCP: (Busy=0,Free=1000,Min=1,Max=1000), WORKER: (Busy=4,Free=32763,Min=12,Max=32767), POOL: (Threads=8,QueuedItems=0,CompletedItems=732,Timers=5), v: 2.7.33.41805 (Please take a look at this article for some common client-side issues that can cause timeouts: https://stackexchange.github.io/StackExchange.Redis/Timeouts)
 ---> StackExchange.Redis.RedisConnectionException: It was not possible to connect to the redis server(s). ConnectTimeout
   --- End of inner exception stack trace ---
   at StackExchange.Redis.RedisDatabase.ScriptEvaluateAsync(String script, RedisKey[] keys, RedisValue[] values, CommandFlags flags) in /_/src/StackExchange.Redis/RedisDatabase.cs:line 1551
   at Microsoft.Extensions.Caching.StackExchangeRedis.RedisCache.SetAsync(String key, Byte[] value, DistributedCacheEntryOptions options, CancellationToken token)
   at FoodShop.API.Services.RedisCacheService.SetAsync[T](String key, T value, Nullable`1 expiry) in C:\Users\Admin\Downloads\foodshop\backend\FoodShop.API\Services\CacheService.cs:line 68
[2026-05-18 16:02:10 INF] HTTP GET /api/products responded 200 in 3526ms | User: admin {"SourceContext":"FoodShop.API.Middleware.RequestLoggingMiddleware","RequestId":"0HNLKNDIQHCJ9:00000001","RequestPath":"/api/products","ConnectionId":"0HNLKNDIQHCJ9","MachineName":"DESKTOP-A8D7LM9","ThreadId":31}
